Epoch 1
-------------------------------
loss: 0.227263  [    0/120000]
loss: 0.091943  [25600/120000]
loss: 0.091553  [51200/120000]
loss: 0.090771  [76800/120000]
loss: 0.091895  [102400/120000]
Test Error: 
 Accuracy: 9.8%, Avg loss: 0.091489 

Epoch 2
-------------------------------
loss: 0.089502  [    0/120000]
loss: 0.091748  [25600/120000]
loss: 0.094775  [51200/120000]
loss: 0.092822  [76800/120000]
loss: 0.090625  [102400/120000]
Test Error: 
 Accuracy: 9.7%, Avg loss: 0.091792 

Epoch 3
-------------------------------
loss: 0.092529  [    0/120000]
loss: 0.091895  [25600/120000]
loss: 0.091895  [51200/120000]
loss: 0.091309  [76800/120000]
loss: 0.093213  [102400/120000]
Test Error: 
 Accuracy: 10.1%, Avg loss: 0.093209 

Epoch 4
-------------------------------
loss: 0.090967  [    0/120000]
loss: 0.091309  [25600/120000]
loss: 0.091016  [51200/120000]
loss: 0.090820  [76800/120000]
loss: 0.092383  [102400/120000]
Test Error: 
 Accuracy: 10.3%, Avg loss: 0.091178 

Epoch 5
-------------------------------
loss: 0.090625  [    0/120000]
loss: 0.090283  [25600/120000]
loss: 0.091113  [51200/120000]
loss: 0.091895  [76800/120000]
loss: 0.089844  [102400/120000]
Test Error: 
 Accuracy: 8.9%, Avg loss: 0.091598 

Epoch 6
-------------------------------
loss: 0.091455  [    0/120000]
loss: 0.090576  [25600/120000]
loss: 0.091992  [51200/120000]
loss: 0.091113  [76800/120000]
loss: 0.091162  [102400/120000]
Test Error: 
 Accuracy: 10.1%, Avg loss: 0.091456 

Epoch 7
-------------------------------
loss: 0.092334  [    0/120000]
loss: 0.093604  [25600/120000]
loss: 0.091406  [51200/120000]
loss: 0.091650  [76800/120000]
loss: 0.095898  [102400/120000]
Test Error: 
 Accuracy: 10.3%, Avg loss: 0.090782 

Epoch 8
-------------------------------
loss: 0.090820  [    0/120000]
loss: 0.091113  [25600/120000]
loss: 0.091016  [51200/120000]
loss: 0.090283  [76800/120000]
loss: 0.092725  [102400/120000]
Test Error: 
 Accuracy: 10.3%, Avg loss: 0.090753 

Epoch 9
-------------------------------
loss: 0.091553  [    0/120000]
loss: 0.092920  [25600/120000]
loss: 0.090381  [51200/120000]
loss: 0.091162  [76800/120000]
loss: 0.089600  [102400/120000]
Test Error: 
 Accuracy: 9.8%, Avg loss: 0.091270 

Epoch 10
-------------------------------
loss: 0.091504  [    0/120000]
loss: 0.090088  [25600/120000]
loss: 0.092236  [51200/120000]
loss: 0.088916  [76800/120000]
loss: 0.093848  [102400/120000]
Test Error: 
 Accuracy: 10.1%, Avg loss: 0.091688 

Epoch 11
-------------------------------
loss: 0.091357  [    0/120000]
loss: 0.090381  [25600/120000]
loss: 0.091016  [51200/120000]
loss: 0.089453  [76800/120000]
loss: 0.092090  [102400/120000]
Test Error: 
 Accuracy: 8.9%, Avg loss: 0.092011 

Epoch 12
-------------------------------
loss: 0.091992  [    0/120000]
loss: 0.090479  [25600/120000]
loss: 0.091260  [51200/120000]
loss: 0.089893  [76800/120000]
loss: 0.092236  [102400/120000]
Test Error: 
 Accuracy: 9.8%, Avg loss: 0.091428 

Epoch 13
-------------------------------
loss: 0.089453  [    0/120000]
loss: 0.092334  [25600/120000]
loss: 0.089990  [51200/120000]
loss: 0.093408  [76800/120000]
loss: 0.090918  [102400/120000]
Test Error: 
 Accuracy: 11.3%, Avg loss: 0.091512 

Epoch 14
-------------------------------
loss: 0.092676  [    0/120000]
loss: 0.090479  [25600/120000]
loss: 0.091162  [51200/120000]
loss: 0.090625  [76800/120000]
loss: 0.091260  [102400/120000]
Test Error: 
 Accuracy: 10.1%, Avg loss: 0.092134 

Epoch 15
-------------------------------
loss: 0.092725  [    0/120000]
loss: 0.092041  [25600/120000]
loss: 0.092627  [51200/120000]
loss: 0.090332  [76800/120000]
loss: 0.092871  [102400/120000]
Test Error: 
 Accuracy: 10.3%, Avg loss: 0.091493 

Epoch 16
-------------------------------
loss: 0.091650  [    0/120000]
loss: 0.091895  [25600/120000]
loss: 0.090625  [51200/120000]
loss: 0.090381  [76800/120000]
loss: 0.089844  [102400/120000]
Test Error: 
 Accuracy: 11.3%, Avg loss: 0.090956 

Epoch 17
-------------------------------
loss: 0.090479  [    0/120000]
loss: 0.096777  [25600/120000]
loss: 0.091357  [51200/120000]
loss: 0.091846  [76800/120000]
loss: 0.089648  [102400/120000]
Test Error: 
 Accuracy: 8.9%, Avg loss: 0.091270 

Epoch 18
-------------------------------
loss: 0.091943  [    0/120000]
loss: 0.091162  [25600/120000]
loss: 0.092627  [51200/120000]
loss: 0.089111  [76800/120000]
loss: 0.091357  [102400/120000]
Test Error: 
 Accuracy: 10.1%, Avg loss: 0.090665 

Epoch 19
-------------------------------
loss: 0.091406  [    0/120000]
loss: 0.090820  [25600/120000]
loss: 0.092334  [51200/120000]
loss: 0.091016  [76800/120000]
loss: 0.091992  [102400/120000]
Test Error: 
 Accuracy: 11.3%, Avg loss: 0.090634 

Epoch 20
-------------------------------
loss: 0.089941  [    0/120000]
loss: 0.092969  [25600/120000]
loss: 0.091260  [51200/120000]
loss: 0.092871  [76800/120000]
loss: 0.088428  [102400/120000]
Test Error: 
 Accuracy: 10.1%, Avg loss: 0.091797 

Epoch 21
-------------------------------
loss: 0.091211  [    0/120000]
loss: 0.091260  [25600/120000]
loss: 0.090869  [51200/120000]
loss: 0.091992  [76800/120000]
loss: 0.090527  [102400/120000]
Test Error: 
 Accuracy: 11.3%, Avg loss: 0.090980 

Epoch 22
-------------------------------
loss: 0.090869  [    0/120000]
loss: 0.091211  [25600/120000]
loss: 0.090918  [51200/120000]
loss: 0.091504  [76800/120000]
loss: 0.089941  [102400/120000]
Test Error: 
 Accuracy: 11.3%, Avg loss: 0.091920 

Epoch 23
-------------------------------
loss: 0.092529  [    0/120000]
loss: 0.090967  [25600/120000]
loss: 0.091064  [51200/120000]
loss: 0.090918  [76800/120000]
loss: 0.091309  [102400/120000]
Test Error: 
 Accuracy: 10.3%, Avg loss: 0.090994 

Epoch 24
-------------------------------
loss: 0.091992  [    0/120000]
loss: 0.091992  [25600/120000]
loss: 0.092334  [51200/120000]
loss: 0.093555  [76800/120000]
loss: 0.091748  [102400/120000]
Test Error: 
 Accuracy: 9.7%, Avg loss: 0.090660 

Epoch 25
-------------------------------
loss: 0.090820  [    0/120000]
loss: 0.092188  [25600/120000]
loss: 0.091162  [51200/120000]
loss: 0.093408  [76800/120000]
loss: 0.091504  [102400/120000]
Test Error: 
 Accuracy: 9.8%, Avg loss: 0.092972 

Epoch 26
-------------------------------
loss: 0.094434  [    0/120000]
loss: 0.090186  [25600/120000]
loss: 0.092334  [51200/120000]
loss: 0.090674  [76800/120000]
loss: 0.091260  [102400/120000]
Test Error: 
 Accuracy: 9.8%, Avg loss: 0.090850 

Epoch 27
-------------------------------
loss: 0.090527  [    0/120000]
loss: 0.090381  [25600/120000]
loss: 0.091016  [51200/120000]
loss: 0.089063  [76800/120000]
loss: 0.090479  [102400/120000]
Test Error: 
 Accuracy: 11.3%, Avg loss: 0.090886 

Epoch 28
-------------------------------
loss: 0.089941  [    0/120000]
loss: 0.091455  [25600/120000]
loss: 0.090820  [51200/120000]
loss: 0.092041  [76800/120000]
loss: 0.091016  [102400/120000]
Test Error: 
 Accuracy: 9.8%, Avg loss: 0.090813 

Epoch 29
-------------------------------
loss: 0.090918  [    0/120000]
loss: 0.090039  [25600/120000]
loss: 0.093848  [51200/120000]
loss: 0.091162  [76800/120000]
loss: 0.093115  [102400/120000]
Test Error: 
 Accuracy: 10.1%, Avg loss: 0.090394 

Epoch 30
-------------------------------
loss: 0.090381  [    0/120000]
loss: 0.090723  [25600/120000]
loss: 0.090186  [51200/120000]
loss: 0.089844  [76800/120000]
loss: 0.089941  [102400/120000]
Test Error: 
 Accuracy: 11.3%, Avg loss: 0.091454 

Epoch 31
-------------------------------
loss: 0.091553  [    0/120000]
loss: 0.092334  [25600/120000]
loss: 0.090576  [51200/120000]
loss: 0.093262  [76800/120000]
loss: 0.090576  [102400/120000]
Test Error: 
 Accuracy: 10.3%, Avg loss: 0.090764 

Epoch 32
-------------------------------
loss: 0.091113  [    0/120000]
loss: 0.090625  [25600/120000]
loss: 0.092725  [51200/120000]
loss: 0.092773  [76800/120000]
loss: 0.092627  [102400/120000]
Test Error: 
 Accuracy: 10.1%, Avg loss: 0.090692 

Epoch 33
-------------------------------
loss: 0.090381  [    0/120000]
loss: 0.090771  [25600/120000]
loss: 0.091748  [51200/120000]
loss: 0.091895  [76800/120000]
loss: 0.091699  [102400/120000]
Test Error: 
 Accuracy: 9.6%, Avg loss: 0.091357 

Epoch 34
-------------------------------
loss: 0.092285  [    0/120000]
loss: 0.093408  [25600/120000]
loss: 0.091846  [51200/120000]
loss: 0.092090  [76800/120000]
loss: 0.090430  [102400/120000]
Test Error: 
 Accuracy: 9.7%, Avg loss: 0.090436 

Epoch 35
-------------------------------
loss: 0.090088  [    0/120000]
loss: 0.090771  [25600/120000]
loss: 0.090234  [51200/120000]
loss: 0.092529  [76800/120000]
loss: 0.092822  [102400/120000]
Test Error: 
 Accuracy: 9.7%, Avg loss: 0.090656 

Epoch 36
-------------------------------
loss: 0.089502  [    0/120000]
loss: 0.090918  [25600/120000]
loss: 0.091943  [51200/120000]
loss: 0.091602  [76800/120000]
loss: 0.091357  [102400/120000]
Test Error: 
 Accuracy: 10.1%, Avg loss: 0.092412 

Epoch 37
-------------------------------
loss: 0.092236  [    0/120000]
loss: 0.092188  [25600/120000]
loss: 0.090430  [51200/120000]
loss: 0.090137  [76800/120000]
loss: 0.092188  [102400/120000]
Test Error: 
 Accuracy: 10.3%, Avg loss: 0.092401 

Epoch 38
-------------------------------
loss: 0.091309  [    0/120000]
loss: 0.092285  [25600/120000]
loss: 0.091504  [51200/120000]
loss: 0.090723  [76800/120000]
loss: 0.093311  [102400/120000]
Test Error: 
 Accuracy: 10.1%, Avg loss: 0.092354 

Epoch 39
-------------------------------
loss: 0.092188  [    0/120000]
loss: 0.091553  [25600/120000]
loss: 0.090723  [51200/120000]
loss: 0.091553  [76800/120000]
loss: 0.092285  [102400/120000]
Test Error: 
 Accuracy: 10.3%, Avg loss: 0.091716 

Epoch 40
-------------------------------
loss: 0.091992  [    0/120000]
loss: 0.092822  [25600/120000]
loss: 0.092041  [51200/120000]
loss: 0.095801  [76800/120000]
loss: 0.090723  [102400/120000]
Test Error: 
 Accuracy: 9.7%, Avg loss: 0.092582 

Epoch 41
-------------------------------
loss: 0.092090  [    0/120000]
loss: 0.091602  [25600/120000]
loss: 0.091553  [51200/120000]
loss: 0.089502  [76800/120000]
loss: 0.091260  [102400/120000]
Test Error: 
 Accuracy: 9.6%, Avg loss: 0.090654 

Epoch 42
-------------------------------
loss: 0.091211  [    0/120000]
loss: 0.092676  [25600/120000]
loss: 0.091797  [51200/120000]
loss: 0.091406  [76800/120000]
loss: 0.091162  [102400/120000]
Test Error: 
 Accuracy: 10.3%, Avg loss: 0.091213 

Epoch 43
-------------------------------
loss: 0.091895  [    0/120000]
loss: 0.092725  [25600/120000]
loss: 0.091992  [51200/120000]
loss: 0.090430  [76800/120000]
loss: 0.089697  [102400/120000]
Test Error: 
 Accuracy: 11.3%, Avg loss: 0.091027 

Epoch 44
-------------------------------
loss: 0.091748  [    0/120000]
loss: 0.091309  [25600/120000]
loss: 0.090576  [51200/120000]
loss: 0.089990  [76800/120000]
loss: 0.091602  [102400/120000]
Test Error: 
 Accuracy: 9.8%, Avg loss: 0.090516 

Epoch 45
-------------------------------
loss: 0.091162  [    0/120000]
loss: 0.092041  [25600/120000]
loss: 0.092139  [51200/120000]
loss: 0.091260  [76800/120000]
loss: 0.090723  [102400/120000]
Test Error: 
 Accuracy: 11.3%, Avg loss: 0.091284 

Epoch 46
-------------------------------
loss: 0.090918  [    0/120000]
loss: 0.091260  [25600/120000]
loss: 0.092041  [51200/120000]
loss: 0.090527  [76800/120000]
loss: 0.092285  [102400/120000]
Test Error: 
 Accuracy: 9.6%, Avg loss: 0.090873 

Epoch 47
-------------------------------
loss: 0.090039  [    0/120000]
loss: 0.091504  [25600/120000]
loss: 0.091602  [51200/120000]
loss: 0.091357  [76800/120000]
loss: 0.092139  [102400/120000]
Test Error: 
 Accuracy: 10.1%, Avg loss: 0.091346 

Epoch 48
-------------------------------
loss: 0.093506  [    0/120000]
loss: 0.093359  [25600/120000]
loss: 0.092383  [51200/120000]
loss: 0.091895  [76800/120000]
loss: 0.090918  [102400/120000]
Test Error: 
 Accuracy: 10.1%, Avg loss: 0.091529 

Epoch 49
-------------------------------
loss: 0.090283  [    0/120000]
loss: 0.090869  [25600/120000]
loss: 0.091992  [51200/120000]
loss: 0.089600  [76800/120000]
loss: 0.093945  [102400/120000]
Test Error: 
 Accuracy: 9.8%, Avg loss: 0.091491 

Epoch 50
-------------------------------
loss: 0.091650  [    0/120000]
loss: 0.091064  [25600/120000]
loss: 0.090967  [51200/120000]
loss: 0.090479  [76800/120000]
loss: 0.093262  [102400/120000]
Test Error: 
 Accuracy: 10.3%, Avg loss: 0.091833 

Epoch 51
-------------------------------
loss: 0.093018  [    0/120000]
loss: 0.093164  [25600/120000]
loss: 0.091602  [51200/120000]
loss: 0.094043  [76800/120000]
loss: 0.091699  [102400/120000]
Test Error: 
 Accuracy: 9.8%, Avg loss: 0.091214 

Epoch 52
-------------------------------
loss: 0.090332  [    0/120000]
loss: 0.090820  [25600/120000]
loss: 0.093262  [51200/120000]
loss: 0.091064  [76800/120000]
loss: 0.090332  [102400/120000]
Test Error: 
 Accuracy: 10.3%, Avg loss: 0.091420 

Epoch 53
-------------------------------
loss: 0.091162  [    0/120000]
loss: 0.089941  [25600/120000]
loss: 0.092480  [51200/120000]
loss: 0.090723  [76800/120000]
loss: 0.091504  [102400/120000]
Test Error: 
 Accuracy: 10.1%, Avg loss: 0.090558 

Epoch 54
-------------------------------
loss: 0.088867  [    0/120000]
loss: 0.089551  [25600/120000]
loss: 0.094385  [51200/120000]
loss: 0.091406  [76800/120000]
loss: 0.090283  [102400/120000]
Test Error: 
 Accuracy: 9.8%, Avg loss: 0.091158 

Epoch 55
-------------------------------
loss: 0.089502  [    0/120000]
loss: 0.091455  [25600/120000]
loss: 0.092236  [51200/120000]
loss: 0.092139  [76800/120000]
loss: 0.091602  [102400/120000]
Test Error: 
 Accuracy: 10.1%, Avg loss: 0.091034 

Epoch 56
-------------------------------
loss: 0.092969  [    0/120000]
loss: 0.090869  [25600/120000]
loss: 0.092188  [51200/120000]
loss: 0.092041  [76800/120000]
loss: 0.093408  [102400/120000]
Test Error: 
 Accuracy: 9.8%, Avg loss: 0.090953 

Epoch 57
-------------------------------
loss: 0.091553  [    0/120000]
loss: 0.090869  [25600/120000]
loss: 0.090869  [51200/120000]
loss: 0.091211  [76800/120000]
loss: 0.091748  [102400/120000]
Test Error: 
 Accuracy: 9.6%, Avg loss: 0.091377 

Epoch 58
-------------------------------
loss: 0.092432  [    0/120000]
loss: 0.091846  [25600/120000]
loss: 0.091357  [51200/120000]
loss: 0.095605  [76800/120000]
loss: 0.091260  [102400/120000]
Test Error: 
 Accuracy: 9.8%, Avg loss: 0.092154 

Epoch 59
-------------------------------
loss: 0.091895  [    0/120000]
loss: 0.090625  [25600/120000]
loss: 0.091895  [51200/120000]
loss: 0.089502  [76800/120000]
loss: 0.091211  [102400/120000]
Test Error: 
 Accuracy: 11.3%, Avg loss: 0.090179 

Epoch 60
-------------------------------
loss: 0.089990  [    0/120000]
loss: 0.090332  [25600/120000]
loss: 0.090723  [51200/120000]
loss: 0.094971  [76800/120000]
loss: 0.092139  [102400/120000]
Test Error: 
 Accuracy: 11.3%, Avg loss: 0.090641 

Epoch 61
-------------------------------
loss: 0.090771  [    0/120000]
loss: 0.091406  [25600/120000]
loss: 0.090918  [51200/120000]
loss: 0.090918  [76800/120000]
loss: 0.091357  [102400/120000]
Test Error: 
 Accuracy: 10.3%, Avg loss: 0.091209 

Epoch 62
-------------------------------
loss: 0.090625  [    0/120000]
loss: 0.092041  [25600/120000]
loss: 0.093945  [51200/120000]
loss: 0.091602  [76800/120000]
loss: 0.089941  [102400/120000]
Test Error: 
 Accuracy: 10.3%, Avg loss: 0.091277 

Epoch 63
-------------------------------
loss: 0.090723  [    0/120000]
loss: 0.092920  [25600/120000]
loss: 0.090723  [51200/120000]
loss: 0.093115  [76800/120000]
loss: 0.090771  [102400/120000]
Test Error: 
 Accuracy: 9.7%, Avg loss: 0.092673 

Epoch 64
-------------------------------
loss: 0.091064  [    0/120000]
loss: 0.091699  [25600/120000]
loss: 0.090234  [51200/120000]
loss: 0.090771  [76800/120000]
loss: 0.091309  [102400/120000]
Test Error: 
 Accuracy: 9.7%, Avg loss: 0.090682 

Epoch 65
-------------------------------
loss: 0.090186  [    0/120000]
loss: 0.091211  [25600/120000]
loss: 0.090869  [51200/120000]
loss: 0.091309  [76800/120000]
loss: 0.089307  [102400/120000]
Test Error: 
 Accuracy: 10.3%, Avg loss: 0.090922 

Epoch 66
-------------------------------
loss: 0.090869  [    0/120000]
loss: 0.089697  [25600/120000]
loss: 0.093506  [51200/120000]
loss: 0.089844  [76800/120000]
loss: 0.091064  [102400/120000]
Test Error: 
 Accuracy: 11.3%, Avg loss: 0.090375 

Epoch 67
-------------------------------
loss: 0.089648  [    0/120000]
loss: 0.091211  [25600/120000]
loss: 0.091699  [51200/120000]
loss: 0.094043  [76800/120000]
loss: 0.093994  [102400/120000]
Test Error: 
 Accuracy: 11.3%, Avg loss: 0.091240 

Epoch 68
-------------------------------
loss: 0.091504  [    0/120000]
loss: 0.090186  [25600/120000]
loss: 0.092822  [51200/120000]
loss: 0.091650  [76800/120000]
loss: 0.092188  [102400/120000]
Test Error: 
 Accuracy: 9.6%, Avg loss: 0.090934 

Epoch 69
-------------------------------
loss: 0.090820  [    0/120000]
loss: 0.089648  [25600/120000]
loss: 0.090430  [51200/120000]
loss: 0.091211  [76800/120000]
loss: 0.090625  [102400/120000]
Test Error: 
 Accuracy: 10.3%, Avg loss: 0.092110 

Epoch 70
-------------------------------
loss: 0.091602  [    0/120000]
loss: 0.090381  [25600/120000]
loss: 0.095703  [51200/120000]
loss: 0.090967  [76800/120000]
loss: 0.091553  [102400/120000]
Test Error: 
 Accuracy: 11.3%, Avg loss: 0.092548 

Epoch 71
-------------------------------
loss: 0.092041  [    0/120000]
loss: 0.090088  [25600/120000]
loss: 0.091602  [51200/120000]
loss: 0.091748  [76800/120000]
loss: 0.090137  [102400/120000]
Test Error: 
 Accuracy: 11.3%, Avg loss: 0.090363 

Epoch 72
-------------------------------
loss: 0.089746  [    0/120000]
loss: 0.091211  [25600/120000]
loss: 0.090332  [51200/120000]
loss: 0.092773  [76800/120000]
loss: 0.091455  [102400/120000]
Test Error: 
 Accuracy: 8.9%, Avg loss: 0.091809 

Epoch 73
-------------------------------
loss: 0.092627  [    0/120000]
loss: 0.091162  [25600/120000]
loss: 0.090283  [51200/120000]
loss: 0.090527  [76800/120000]
loss: 0.091064  [102400/120000]
Test Error: 
 Accuracy: 11.3%, Avg loss: 0.090745 

Epoch 74
-------------------------------
loss: 0.090381  [    0/120000]
loss: 0.088867  [25600/120000]
loss: 0.090723  [51200/120000]
loss: 0.091016  [76800/120000]
loss: 0.090723  [102400/120000]
Test Error: 
 Accuracy: 10.3%, Avg loss: 0.090693 

Epoch 75
-------------------------------
loss: 0.090332  [    0/120000]
loss: 0.091064  [25600/120000]
loss: 0.090625  [51200/120000]
loss: 0.090771  [76800/120000]
loss: 0.089307  [102400/120000]
Test Error: 
 Accuracy: 11.3%, Avg loss: 0.091356 

Epoch 76
-------------------------------
loss: 0.091504  [    0/120000]
loss: 0.089648  [25600/120000]
loss: 0.091406  [51200/120000]
loss: 0.092822  [76800/120000]
loss: 0.090088  [102400/120000]
Test Error: 
 Accuracy: 9.6%, Avg loss: 0.090688 

Epoch 77
-------------------------------
loss: 0.091553  [    0/120000]
loss: 0.093750  [25600/120000]
loss: 0.091064  [51200/120000]
loss: 0.090771  [76800/120000]
loss: 0.094287  [102400/120000]
Test Error: 
 Accuracy: 11.3%, Avg loss: 0.090654 

Epoch 78
-------------------------------
loss: 0.089941  [    0/120000]
loss: 0.090430  [25600/120000]
loss: 0.091943  [51200/120000]
loss: 0.091406  [76800/120000]
loss: 0.090479  [102400/120000]
Test Error: 
 Accuracy: 10.1%, Avg loss: 0.090860 

Epoch 79
-------------------------------
loss: 0.091406  [    0/120000]
loss: 0.091064  [25600/120000]
loss: 0.090479  [51200/120000]
loss: 0.092236  [76800/120000]
loss: 0.091650  [102400/120000]
Test Error: 
 Accuracy: 10.3%, Avg loss: 0.092748 

Epoch 80
-------------------------------
loss: 0.091162  [    0/120000]
loss: 0.092480  [25600/120000]
loss: 0.089844  [51200/120000]
loss: 0.092578  [76800/120000]
loss: 0.090967  [102400/120000]
Test Error: 
 Accuracy: 10.1%, Avg loss: 0.091747 

Epoch 81
-------------------------------
loss: 0.091016  [    0/120000]
loss: 0.090576  [25600/120000]
loss: 0.091064  [51200/120000]
loss: 0.091992  [76800/120000]
loss: 0.091162  [102400/120000]
Test Error: 
 Accuracy: 11.3%, Avg loss: 0.090452 

Epoch 82
-------------------------------
loss: 0.090674  [    0/120000]
loss: 0.090771  [25600/120000]
loss: 0.091162  [51200/120000]
loss: 0.093799  [76800/120000]
loss: 0.094189  [102400/120000]
Test Error: 
 Accuracy: 9.8%, Avg loss: 0.090910 

Epoch 83
-------------------------------
loss: 0.089600  [    0/120000]
loss: 0.091016  [25600/120000]
loss: 0.092285  [51200/120000]
loss: 0.091211  [76800/120000]
loss: 0.089795  [102400/120000]
Test Error: 
 Accuracy: 11.3%, Avg loss: 0.091493 

Epoch 84
-------------------------------
loss: 0.090967  [    0/120000]
loss: 0.090723  [25600/120000]
loss: 0.091553  [51200/120000]
loss: 0.090869  [76800/120000]
loss: 0.092725  [102400/120000]
Test Error: 
 Accuracy: 11.3%, Avg loss: 0.091949 

Epoch 85
-------------------------------
loss: 0.092871  [    0/120000]
loss: 0.092920  [25600/120000]
loss: 0.091406  [51200/120000]
loss: 0.091455  [76800/120000]
loss: 0.092529  [102400/120000]
Test Error: 
 Accuracy: 9.6%, Avg loss: 0.091173 

Epoch 86
-------------------------------
loss: 0.092041  [    0/120000]
loss: 0.092383  [25600/120000]
loss: 0.090625  [51200/120000]
loss: 0.089941  [76800/120000]
loss: 0.091797  [102400/120000]
Test Error: 
 Accuracy: 11.3%, Avg loss: 0.091277 

Epoch 87
-------------------------------
loss: 0.093066  [    0/120000]
loss: 0.091602  [25600/120000]
loss: 0.090088  [51200/120000]
loss: 0.090234  [76800/120000]
loss: 0.091895  [102400/120000]
Test Error: 
 Accuracy: 10.1%, Avg loss: 0.091753 

Epoch 88
-------------------------------
loss: 0.089844  [    0/120000]
loss: 0.089697  [25600/120000]
loss: 0.091797  [51200/120000]
loss: 0.090576  [76800/120000]
loss: 0.091602  [102400/120000]
Test Error: 
 Accuracy: 10.1%, Avg loss: 0.092159 

Epoch 89
-------------------------------
loss: 0.093945  [    0/120000]
loss: 0.092676  [25600/120000]
loss: 0.090625  [51200/120000]
loss: 0.091309  [76800/120000]
loss: 0.091553  [102400/120000]
Test Error: 
 Accuracy: 10.1%, Avg loss: 0.090784 

Epoch 90
-------------------------------
loss: 0.090039  [    0/120000]
loss: 0.092188  [25600/120000]
loss: 0.091260  [51200/120000]
loss: 0.090381  [76800/120000]
loss: 0.089453  [102400/120000]
Test Error: 
 Accuracy: 11.3%, Avg loss: 0.091728 

Epoch 91
-------------------------------
loss: 0.094092  [    0/120000]
loss: 0.090479  [25600/120000]
loss: 0.089502  [51200/120000]
loss: 0.094482  [76800/120000]
loss: 0.093164  [102400/120000]
Test Error: 
 Accuracy: 10.1%, Avg loss: 0.092084 

Epoch 92
-------------------------------
loss: 0.093115  [    0/120000]
loss: 0.091016  [25600/120000]
loss: 0.091992  [51200/120000]
loss: 0.093213  [76800/120000]
loss: 0.092920  [102400/120000]
Test Error: 
 Accuracy: 9.8%, Avg loss: 0.091271 

Epoch 93
-------------------------------
loss: 0.091406  [    0/120000]
loss: 0.093311  [25600/120000]
loss: 0.092236  [51200/120000]
loss: 0.091602  [76800/120000]
loss: 0.091943  [102400/120000]
Test Error: 
 Accuracy: 9.8%, Avg loss: 0.090383 

Epoch 94
-------------------------------
loss: 0.089990  [    0/120000]
loss: 0.091162  [25600/120000]
loss: 0.091113  [51200/120000]
loss: 0.090234  [76800/120000]
loss: 0.091504  [102400/120000]
Test Error: 
 Accuracy: 10.3%, Avg loss: 0.091154 

Epoch 95
-------------------------------
loss: 0.091846  [    0/120000]
loss: 0.091797  [25600/120000]
loss: 0.091016  [51200/120000]
loss: 0.091602  [76800/120000]
loss: 0.091943  [102400/120000]
Test Error: 
 Accuracy: 10.1%, Avg loss: 0.091603 

Epoch 96
-------------------------------
loss: 0.092920  [    0/120000]
loss: 0.090479  [25600/120000]
loss: 0.092725  [51200/120000]
loss: 0.093506  [76800/120000]
loss: 0.090332  [102400/120000]
Test Error: 
 Accuracy: 10.1%, Avg loss: 0.092012 

Epoch 97
-------------------------------
loss: 0.090967  [    0/120000]
loss: 0.090723  [25600/120000]
loss: 0.090820  [51200/120000]
loss: 0.091846  [76800/120000]
loss: 0.091895  [102400/120000]
Test Error: 
 Accuracy: 11.3%, Avg loss: 0.092820 

Epoch 98
-------------------------------
loss: 0.091846  [    0/120000]
loss: 0.090430  [25600/120000]
loss: 0.090625  [51200/120000]
loss: 0.090723  [76800/120000]
loss: 0.092578  [102400/120000]
Test Error: 
 Accuracy: 8.9%, Avg loss: 0.090387 

Epoch 99
-------------------------------
loss: 0.089990  [    0/120000]
loss: 0.090576  [25600/120000]
loss: 0.090137  [51200/120000]
loss: 0.091504  [76800/120000]
loss: 0.090527  [102400/120000]
Test Error: 
 Accuracy: 9.8%, Avg loss: 0.091922 

Epoch 100
-------------------------------
loss: 0.093945  [    0/120000]
loss: 0.090771  [25600/120000]
loss: 0.088965  [51200/120000]
loss: 0.092188  [76800/120000]
loss: 0.090430  [102400/120000]
Test Error: 
 Accuracy: 9.8%, Avg loss: 0.090704 

Done!
