Epoch 1
-------------------------------
loss: 0.242698  [    0/120000]
loss: 0.092186  [25600/120000]
loss: 0.090107  [51200/120000]
loss: 0.090001  [76800/120000]
loss: 0.089997  [102400/120000]
Test Error: 
 Accuracy: 10.3%, Avg loss: 0.089254 

Epoch 2
-------------------------------
loss: 0.089490  [    0/120000]
loss: 0.088377  [25600/120000]
loss: 0.086215  [51200/120000]
loss: 0.088428  [76800/120000]
loss: 0.087810  [102400/120000]
Test Error: 
 Accuracy: 28.8%, Avg loss: 0.086366 

Epoch 3
-------------------------------
loss: 0.087500  [    0/120000]
loss: 0.084050  [25600/120000]
loss: 0.085229  [51200/120000]
loss: 0.080986  [76800/120000]
loss: 0.082585  [102400/120000]
Test Error: 
 Accuracy: 38.1%, Avg loss: 0.082074 

Epoch 4
-------------------------------
loss: 0.083338  [    0/120000]
loss: 0.084667  [25600/120000]
loss: 0.077931  [51200/120000]
loss: 0.084780  [76800/120000]
loss: 0.082669  [102400/120000]
Test Error: 
 Accuracy: 38.6%, Avg loss: 0.079103 

Epoch 5
-------------------------------
loss: 0.075997  [    0/120000]
loss: 0.077155  [25600/120000]
loss: 0.080438  [51200/120000]
loss: 0.078632  [76800/120000]
loss: 0.078964  [102400/120000]
Test Error: 
 Accuracy: 40.0%, Avg loss: 0.077606 

Epoch 6
-------------------------------
loss: 0.079189  [    0/120000]
loss: 0.075766  [25600/120000]
loss: 0.079898  [51200/120000]
loss: 0.074966  [76800/120000]
loss: 0.079544  [102400/120000]
Test Error: 
 Accuracy: 44.8%, Avg loss: 0.076157 

Epoch 7
-------------------------------
loss: 0.072822  [    0/120000]
loss: 0.078623  [25600/120000]
loss: 0.079625  [51200/120000]
loss: 0.077888  [76800/120000]
loss: 0.074506  [102400/120000]
Test Error: 
 Accuracy: 46.1%, Avg loss: 0.075398 

Epoch 8
-------------------------------
loss: 0.076227  [    0/120000]
loss: 0.071312  [25600/120000]
loss: 0.076558  [51200/120000]
loss: 0.078921  [76800/120000]
loss: 0.073382  [102400/120000]
Test Error: 
 Accuracy: 46.4%, Avg loss: 0.074566 

Epoch 9
-------------------------------
loss: 0.076750  [    0/120000]
loss: 0.074601  [25600/120000]
loss: 0.072414  [51200/120000]
loss: 0.072853  [76800/120000]
loss: 0.071246  [102400/120000]
Test Error: 
 Accuracy: 46.9%, Avg loss: 0.074022 

Epoch 10
-------------------------------
loss: 0.077584  [    0/120000]
loss: 0.076497  [25600/120000]
loss: 0.079845  [51200/120000]
loss: 0.079140  [76800/120000]
loss: 0.071661  [102400/120000]
Test Error: 
 Accuracy: 47.6%, Avg loss: 0.073427 

Epoch 11
-------------------------------
loss: 0.075798  [    0/120000]
loss: 0.073795  [25600/120000]
loss: 0.075475  [51200/120000]
loss: 0.082300  [76800/120000]
loss: 0.073779  [102400/120000]
Test Error: 
 Accuracy: 47.0%, Avg loss: 0.072847 

Epoch 12
-------------------------------
loss: 0.078259  [    0/120000]
loss: 0.070109  [25600/120000]
loss: 0.068724  [51200/120000]
loss: 0.071062  [76800/120000]
loss: 0.072744  [102400/120000]
Test Error: 
 Accuracy: 47.9%, Avg loss: 0.072741 

Epoch 13
-------------------------------
loss: 0.079683  [    0/120000]
loss: 0.066271  [25600/120000]
loss: 0.072921  [51200/120000]
loss: 0.073035  [76800/120000]
loss: 0.074053  [102400/120000]
Test Error: 
 Accuracy: 48.1%, Avg loss: 0.072012 

Epoch 14
-------------------------------
loss: 0.070963  [    0/120000]
loss: 0.069076  [25600/120000]
loss: 0.067347  [51200/120000]
loss: 0.074422  [76800/120000]
loss: 0.064071  [102400/120000]
Test Error: 
 Accuracy: 48.9%, Avg loss: 0.071519 

Epoch 15
-------------------------------
loss: 0.064259  [    0/120000]
loss: 0.070064  [25600/120000]
loss: 0.075371  [51200/120000]
loss: 0.071858  [76800/120000]
loss: 0.073212  [102400/120000]
Test Error: 
 Accuracy: 48.2%, Avg loss: 0.071421 

Epoch 16
-------------------------------
loss: 0.076983  [    0/120000]
loss: 0.071657  [25600/120000]
loss: 0.074471  [51200/120000]
loss: 0.067804  [76800/120000]
loss: 0.069230  [102400/120000]
Test Error: 
 Accuracy: 49.5%, Avg loss: 0.070791 

Epoch 17
-------------------------------
loss: 0.067041  [    0/120000]
loss: 0.070991  [25600/120000]
loss: 0.065773  [51200/120000]
loss: 0.073672  [76800/120000]
loss: 0.072329  [102400/120000]
Test Error: 
 Accuracy: 50.7%, Avg loss: 0.070342 

Epoch 18
-------------------------------
loss: 0.070174  [    0/120000]
loss: 0.079795  [25600/120000]
loss: 0.065155  [51200/120000]
loss: 0.078567  [76800/120000]
loss: 0.069731  [102400/120000]
Test Error: 
 Accuracy: 49.8%, Avg loss: 0.070107 

Epoch 19
-------------------------------
loss: 0.071640  [    0/120000]
loss: 0.071889  [25600/120000]
loss: 0.064445  [51200/120000]
loss: 0.075801  [76800/120000]
loss: 0.059322  [102400/120000]
Test Error: 
 Accuracy: 50.1%, Avg loss: 0.070421 

Epoch 20
-------------------------------
loss: 0.065811  [    0/120000]
loss: 0.069040  [25600/120000]
loss: 0.066993  [51200/120000]
loss: 0.071753  [76800/120000]
loss: 0.062878  [102400/120000]
Test Error: 
 Accuracy: 50.8%, Avg loss: 0.069127 

Epoch 21
-------------------------------
loss: 0.073935  [    0/120000]
loss: 0.076303  [25600/120000]
loss: 0.069923  [51200/120000]
loss: 0.063387  [76800/120000]
loss: 0.069755  [102400/120000]
Test Error: 
 Accuracy: 50.3%, Avg loss: 0.069262 

Epoch 22
-------------------------------
loss: 0.061760  [    0/120000]
loss: 0.071863  [25600/120000]
loss: 0.068580  [51200/120000]
loss: 0.068781  [76800/120000]
loss: 0.065147  [102400/120000]
Test Error: 
 Accuracy: 51.0%, Avg loss: 0.068754 

Epoch 23
-------------------------------
loss: 0.065538  [    0/120000]
loss: 0.065451  [25600/120000]
loss: 0.063207  [51200/120000]
loss: 0.072828  [76800/120000]
loss: 0.070023  [102400/120000]
Test Error: 
 Accuracy: 51.0%, Avg loss: 0.068445 

Epoch 24
-------------------------------
loss: 0.069672  [    0/120000]
loss: 0.074819  [25600/120000]
loss: 0.066156  [51200/120000]
loss: 0.068078  [76800/120000]
loss: 0.067127  [102400/120000]
Test Error: 
 Accuracy: 51.4%, Avg loss: 0.068001 

Epoch 25
-------------------------------
loss: 0.064710  [    0/120000]
loss: 0.066428  [25600/120000]
loss: 0.058149  [51200/120000]
loss: 0.066305  [76800/120000]
loss: 0.066808  [102400/120000]
Test Error: 
 Accuracy: 51.8%, Avg loss: 0.067647 

Epoch 26
-------------------------------
loss: 0.065732  [    0/120000]
loss: 0.066654  [25600/120000]
loss: 0.063267  [51200/120000]
loss: 0.060028  [76800/120000]
loss: 0.060259  [102400/120000]
Test Error: 
 Accuracy: 51.4%, Avg loss: 0.067243 

Epoch 27
-------------------------------
loss: 0.076364  [    0/120000]
loss: 0.074739  [25600/120000]
loss: 0.060902  [51200/120000]
loss: 0.068137  [76800/120000]
loss: 0.065677  [102400/120000]
Test Error: 
 Accuracy: 52.5%, Avg loss: 0.066112 

Epoch 28
-------------------------------
loss: 0.071318  [    0/120000]
loss: 0.069947  [25600/120000]
loss: 0.067888  [51200/120000]
loss: 0.066547  [76800/120000]
loss: 0.068117  [102400/120000]
Test Error: 
 Accuracy: 53.3%, Avg loss: 0.065635 

Epoch 29
-------------------------------
loss: 0.068382  [    0/120000]
loss: 0.066829  [25600/120000]
loss: 0.063752  [51200/120000]
loss: 0.062020  [76800/120000]
loss: 0.064492  [102400/120000]
Test Error: 
 Accuracy: 53.2%, Avg loss: 0.065126 

Epoch 30
-------------------------------
loss: 0.073067  [    0/120000]
loss: 0.068817  [25600/120000]
loss: 0.061306  [51200/120000]
loss: 0.061114  [76800/120000]
loss: 0.066721  [102400/120000]
Test Error: 
 Accuracy: 53.7%, Avg loss: 0.063937 

Epoch 31
-------------------------------
loss: 0.059136  [    0/120000]
loss: 0.066047  [25600/120000]
loss: 0.062521  [51200/120000]
loss: 0.060753  [76800/120000]
loss: 0.068451  [102400/120000]
Test Error: 
 Accuracy: 54.8%, Avg loss: 0.063066 

Epoch 32
-------------------------------
loss: 0.054157  [    0/120000]
loss: 0.062312  [25600/120000]
loss: 0.063181  [51200/120000]
loss: 0.065859  [76800/120000]
loss: 0.063670  [102400/120000]
Test Error: 
 Accuracy: 54.8%, Avg loss: 0.062357 

Epoch 33
-------------------------------
loss: 0.063281  [    0/120000]
loss: 0.066976  [25600/120000]
loss: 0.062116  [51200/120000]
loss: 0.064767  [76800/120000]
loss: 0.065057  [102400/120000]
Test Error: 
 Accuracy: 54.7%, Avg loss: 0.062357 

Epoch 34
-------------------------------
loss: 0.068036  [    0/120000]
loss: 0.059388  [25600/120000]
loss: 0.076528  [51200/120000]
loss: 0.064965  [76800/120000]
loss: 0.057367  [102400/120000]
Test Error: 
 Accuracy: 56.3%, Avg loss: 0.060688 

Epoch 35
-------------------------------
loss: 0.055612  [    0/120000]
loss: 0.055891  [25600/120000]
loss: 0.065573  [51200/120000]
loss: 0.063695  [76800/120000]
loss: 0.062088  [102400/120000]
Test Error: 
 Accuracy: 56.3%, Avg loss: 0.060442 

Epoch 36
-------------------------------
loss: 0.068998  [    0/120000]
loss: 0.068764  [25600/120000]
loss: 0.063693  [51200/120000]
loss: 0.057034  [76800/120000]
loss: 0.063577  [102400/120000]
Test Error: 
 Accuracy: 57.1%, Avg loss: 0.059317 

Epoch 37
-------------------------------
loss: 0.054238  [    0/120000]
loss: 0.059085  [25600/120000]
loss: 0.057521  [51200/120000]
loss: 0.064689  [76800/120000]
loss: 0.065103  [102400/120000]
Test Error: 
 Accuracy: 57.4%, Avg loss: 0.058815 

Epoch 38
-------------------------------
loss: 0.058619  [    0/120000]
loss: 0.058413  [25600/120000]
loss: 0.060157  [51200/120000]
loss: 0.061038  [76800/120000]
loss: 0.061388  [102400/120000]
Test Error: 
 Accuracy: 57.7%, Avg loss: 0.058352 

Epoch 39
-------------------------------
loss: 0.052394  [    0/120000]
loss: 0.055941  [25600/120000]
loss: 0.052512  [51200/120000]
loss: 0.060999  [76800/120000]
loss: 0.054848  [102400/120000]
Test Error: 
 Accuracy: 58.4%, Avg loss: 0.057648 

Epoch 40
-------------------------------
loss: 0.063950  [    0/120000]
loss: 0.053746  [25600/120000]
loss: 0.061457  [51200/120000]
loss: 0.059200  [76800/120000]
loss: 0.058027  [102400/120000]
Test Error: 
 Accuracy: 58.8%, Avg loss: 0.056636 

Epoch 41
-------------------------------
loss: 0.058814  [    0/120000]
loss: 0.054601  [25600/120000]
loss: 0.057214  [51200/120000]
loss: 0.060816  [76800/120000]
loss: 0.057805  [102400/120000]
Test Error: 
 Accuracy: 59.5%, Avg loss: 0.056076 

Epoch 42
-------------------------------
loss: 0.054684  [    0/120000]
loss: 0.050143  [25600/120000]
loss: 0.053266  [51200/120000]
loss: 0.055719  [76800/120000]
loss: 0.051502  [102400/120000]
Test Error: 
 Accuracy: 59.9%, Avg loss: 0.055366 

Epoch 43
-------------------------------
loss: 0.054254  [    0/120000]
loss: 0.046444  [25600/120000]
loss: 0.056141  [51200/120000]
loss: 0.053999  [76800/120000]
loss: 0.053494  [102400/120000]
Test Error: 
 Accuracy: 60.9%, Avg loss: 0.054768 

Epoch 44
-------------------------------
loss: 0.055779  [    0/120000]
loss: 0.057794  [25600/120000]
loss: 0.056370  [51200/120000]
loss: 0.058377  [76800/120000]
loss: 0.053633  [102400/120000]
Test Error: 
 Accuracy: 61.0%, Avg loss: 0.054192 

Epoch 45
-------------------------------
loss: 0.060745  [    0/120000]
loss: 0.056975  [25600/120000]
loss: 0.052387  [51200/120000]
loss: 0.045424  [76800/120000]
loss: 0.054162  [102400/120000]
Test Error: 
 Accuracy: 61.4%, Avg loss: 0.053961 

Epoch 46
-------------------------------
loss: 0.056748  [    0/120000]
loss: 0.056002  [25600/120000]
loss: 0.057753  [51200/120000]
loss: 0.049937  [76800/120000]
loss: 0.059634  [102400/120000]
Test Error: 
 Accuracy: 61.9%, Avg loss: 0.053166 

Epoch 47
-------------------------------
loss: 0.052414  [    0/120000]
loss: 0.051467  [25600/120000]
loss: 0.062083  [51200/120000]
loss: 0.055184  [76800/120000]
loss: 0.049280  [102400/120000]
Test Error: 
 Accuracy: 61.8%, Avg loss: 0.053314 

Epoch 48
-------------------------------
loss: 0.057327  [    0/120000]
loss: 0.059696  [25600/120000]
loss: 0.047825  [51200/120000]
loss: 0.050988  [76800/120000]
loss: 0.058198  [102400/120000]
Test Error: 
 Accuracy: 62.3%, Avg loss: 0.052594 

Epoch 49
-------------------------------
loss: 0.056754  [    0/120000]
loss: 0.053565  [25600/120000]
loss: 0.062613  [51200/120000]
loss: 0.049588  [76800/120000]
loss: 0.050633  [102400/120000]
Test Error: 
 Accuracy: 63.0%, Avg loss: 0.051943 

Epoch 50
-------------------------------
loss: 0.050198  [    0/120000]
loss: 0.054048  [25600/120000]
loss: 0.050653  [51200/120000]
loss: 0.059167  [76800/120000]
loss: 0.051232  [102400/120000]
Test Error: 
 Accuracy: 63.5%, Avg loss: 0.051503 

Epoch 51
-------------------------------
loss: 0.052698  [    0/120000]
loss: 0.052232  [25600/120000]
loss: 0.049902  [51200/120000]
loss: 0.060284  [76800/120000]
loss: 0.052100  [102400/120000]
Test Error: 
 Accuracy: 64.0%, Avg loss: 0.051276 

Epoch 52
-------------------------------
loss: 0.044714  [    0/120000]
loss: 0.052119  [25600/120000]
loss: 0.053633  [51200/120000]
loss: 0.050268  [76800/120000]
loss: 0.051672  [102400/120000]
Test Error: 
 Accuracy: 64.7%, Avg loss: 0.050669 

Epoch 53
-------------------------------
loss: 0.054174  [    0/120000]
loss: 0.046242  [25600/120000]
loss: 0.051937  [51200/120000]
loss: 0.047089  [76800/120000]
loss: 0.059561  [102400/120000]
Test Error: 
 Accuracy: 64.9%, Avg loss: 0.050346 

Epoch 54
-------------------------------
loss: 0.050485  [    0/120000]
loss: 0.054459  [25600/120000]
loss: 0.049569  [51200/120000]
loss: 0.050028  [76800/120000]
loss: 0.048280  [102400/120000]
Test Error: 
 Accuracy: 65.2%, Avg loss: 0.049657 

Epoch 55
-------------------------------
loss: 0.052847  [    0/120000]
loss: 0.046279  [25600/120000]
loss: 0.049807  [51200/120000]
loss: 0.039724  [76800/120000]
loss: 0.049510  [102400/120000]
Test Error: 
 Accuracy: 65.5%, Avg loss: 0.049800 

Epoch 56
-------------------------------
loss: 0.045289  [    0/120000]
loss: 0.051303  [25600/120000]
loss: 0.046330  [51200/120000]
loss: 0.048962  [76800/120000]
loss: 0.048769  [102400/120000]
Test Error: 
 Accuracy: 66.0%, Avg loss: 0.049384 

Epoch 57
-------------------------------
loss: 0.054787  [    0/120000]
loss: 0.046809  [25600/120000]
loss: 0.055054  [51200/120000]
loss: 0.056172  [76800/120000]
loss: 0.055153  [102400/120000]
Test Error: 
 Accuracy: 66.5%, Avg loss: 0.048793 

Epoch 58
-------------------------------
loss: 0.058092  [    0/120000]
loss: 0.054109  [25600/120000]
loss: 0.052994  [51200/120000]
loss: 0.052148  [76800/120000]
loss: 0.050640  [102400/120000]
Test Error: 
 Accuracy: 66.5%, Avg loss: 0.048541 

Epoch 59
-------------------------------
loss: 0.040442  [    0/120000]
loss: 0.052416  [25600/120000]
loss: 0.052247  [51200/120000]
loss: 0.047718  [76800/120000]
loss: 0.051233  [102400/120000]
Test Error: 
 Accuracy: 66.7%, Avg loss: 0.048482 

Epoch 60
-------------------------------
loss: 0.049057  [    0/120000]
loss: 0.048419  [25600/120000]
loss: 0.043513  [51200/120000]
loss: 0.055890  [76800/120000]
loss: 0.044817  [102400/120000]
Test Error: 
 Accuracy: 67.2%, Avg loss: 0.047980 

Epoch 61
-------------------------------
loss: 0.051309  [    0/120000]
loss: 0.048191  [25600/120000]
loss: 0.041418  [51200/120000]
loss: 0.045930  [76800/120000]
loss: 0.047696  [102400/120000]
Test Error: 
 Accuracy: 67.5%, Avg loss: 0.047971 

Epoch 62
-------------------------------
loss: 0.048550  [    0/120000]
loss: 0.058123  [25600/120000]
loss: 0.051362  [51200/120000]
loss: 0.042293  [76800/120000]
loss: 0.051565  [102400/120000]
Test Error: 
 Accuracy: 68.1%, Avg loss: 0.047491 

Epoch 63
-------------------------------
loss: 0.049806  [    0/120000]
loss: 0.057377  [25600/120000]
loss: 0.050541  [51200/120000]
loss: 0.043879  [76800/120000]
loss: 0.047361  [102400/120000]
Test Error: 
 Accuracy: 67.9%, Avg loss: 0.047309 

Epoch 64
-------------------------------
loss: 0.051843  [    0/120000]
loss: 0.042112  [25600/120000]
loss: 0.057106  [51200/120000]
loss: 0.043862  [76800/120000]
loss: 0.056649  [102400/120000]
Test Error: 
 Accuracy: 68.8%, Avg loss: 0.046665 

Epoch 65
-------------------------------
loss: 0.048158  [    0/120000]
loss: 0.052949  [25600/120000]
loss: 0.047262  [51200/120000]
loss: 0.050834  [76800/120000]
loss: 0.052639  [102400/120000]
Test Error: 
 Accuracy: 68.5%, Avg loss: 0.046932 

Epoch 66
-------------------------------
loss: 0.048555  [    0/120000]
loss: 0.044784  [25600/120000]
loss: 0.042581  [51200/120000]
loss: 0.050347  [76800/120000]
loss: 0.053375  [102400/120000]
Test Error: 
 Accuracy: 68.7%, Avg loss: 0.046657 

Epoch 67
-------------------------------
loss: 0.049924  [    0/120000]
loss: 0.047340  [25600/120000]
loss: 0.046115  [51200/120000]
loss: 0.050186  [76800/120000]
loss: 0.043125  [102400/120000]
Test Error: 
 Accuracy: 69.3%, Avg loss: 0.046398 

Epoch 68
-------------------------------
loss: 0.050202  [    0/120000]
loss: 0.046720  [25600/120000]
loss: 0.044287  [51200/120000]
loss: 0.045884  [76800/120000]
loss: 0.046919  [102400/120000]
Test Error: 
 Accuracy: 69.4%, Avg loss: 0.046459 

Epoch 69
-------------------------------
loss: 0.038578  [    0/120000]
loss: 0.041121  [25600/120000]
loss: 0.044011  [51200/120000]
loss: 0.050412  [76800/120000]
loss: 0.048552  [102400/120000]
Test Error: 
 Accuracy: 69.0%, Avg loss: 0.046524 

Epoch 70
-------------------------------
loss: 0.055408  [    0/120000]
loss: 0.039799  [25600/120000]
loss: 0.040969  [51200/120000]
loss: 0.048531  [76800/120000]
loss: 0.044065  [102400/120000]
Test Error: 
 Accuracy: 69.8%, Avg loss: 0.045581 

Epoch 71
-------------------------------
loss: 0.050010  [    0/120000]
loss: 0.040887  [25600/120000]
loss: 0.050898  [51200/120000]
loss: 0.044472  [76800/120000]
loss: 0.038230  [102400/120000]
Test Error: 
 Accuracy: 69.7%, Avg loss: 0.045616 

Epoch 72
-------------------------------
loss: 0.046450  [    0/120000]
loss: 0.053257  [25600/120000]
loss: 0.042321  [51200/120000]
loss: 0.038478  [76800/120000]
loss: 0.043108  [102400/120000]
Test Error: 
 Accuracy: 70.2%, Avg loss: 0.045276 

Epoch 73
-------------------------------
loss: 0.041223  [    0/120000]
loss: 0.035880  [25600/120000]
loss: 0.042065  [51200/120000]
loss: 0.043728  [76800/120000]
loss: 0.040736  [102400/120000]
Test Error: 
 Accuracy: 70.5%, Avg loss: 0.044936 

Epoch 74
-------------------------------
loss: 0.050620  [    0/120000]
loss: 0.054110  [25600/120000]
loss: 0.045706  [51200/120000]
loss: 0.056238  [76800/120000]
loss: 0.048180  [102400/120000]
Test Error: 
 Accuracy: 70.2%, Avg loss: 0.044942 

Epoch 75
-------------------------------
loss: 0.044315  [    0/120000]
loss: 0.042789  [25600/120000]
loss: 0.040261  [51200/120000]
loss: 0.045002  [76800/120000]
loss: 0.041092  [102400/120000]
Test Error: 
 Accuracy: 70.4%, Avg loss: 0.044942 

Epoch 76
-------------------------------
loss: 0.044705  [    0/120000]
loss: 0.037683  [25600/120000]
loss: 0.040735  [51200/120000]
loss: 0.049362  [76800/120000]
loss: 0.043897  [102400/120000]
Test Error: 
 Accuracy: 71.8%, Avg loss: 0.044586 

Epoch 77
-------------------------------
loss: 0.041289  [    0/120000]
loss: 0.042499  [25600/120000]
loss: 0.047923  [51200/120000]
loss: 0.051399  [76800/120000]
loss: 0.043187  [102400/120000]
Test Error: 
 Accuracy: 71.2%, Avg loss: 0.044284 

Epoch 78
-------------------------------
loss: 0.052124  [    0/120000]
loss: 0.042956  [25600/120000]
loss: 0.049846  [51200/120000]
loss: 0.041330  [76800/120000]
loss: 0.046167  [102400/120000]
Test Error: 
 Accuracy: 71.6%, Avg loss: 0.044198 

Epoch 79
-------------------------------
loss: 0.046266  [    0/120000]
loss: 0.054292  [25600/120000]
loss: 0.044541  [51200/120000]
loss: 0.042238  [76800/120000]
loss: 0.044222  [102400/120000]
Test Error: 
 Accuracy: 72.2%, Avg loss: 0.043870 

Epoch 80
-------------------------------
loss: 0.038580  [    0/120000]
loss: 0.041244  [25600/120000]
loss: 0.040273  [51200/120000]
loss: 0.042573  [76800/120000]
loss: 0.048451  [102400/120000]
Test Error: 
 Accuracy: 72.0%, Avg loss: 0.043782 

Epoch 81
-------------------------------
loss: 0.048190  [    0/120000]
loss: 0.047164  [25600/120000]
loss: 0.039470  [51200/120000]
loss: 0.045703  [76800/120000]
loss: 0.048653  [102400/120000]
Test Error: 
 Accuracy: 71.9%, Avg loss: 0.043928 

Epoch 82
-------------------------------
loss: 0.049572  [    0/120000]
loss: 0.045009  [25600/120000]
loss: 0.043434  [51200/120000]
loss: 0.043666  [76800/120000]
loss: 0.046581  [102400/120000]
Test Error: 
 Accuracy: 71.2%, Avg loss: 0.044228 

Epoch 83
-------------------------------
loss: 0.030226  [    0/120000]
loss: 0.042872  [25600/120000]
loss: 0.045648  [51200/120000]
loss: 0.051552  [76800/120000]
loss: 0.048815  [102400/120000]
Test Error: 
 Accuracy: 71.8%, Avg loss: 0.043687 

Epoch 84
-------------------------------
loss: 0.044643  [    0/120000]
loss: 0.053121  [25600/120000]
loss: 0.039902  [51200/120000]
loss: 0.038301  [76800/120000]
loss: 0.039685  [102400/120000]
Test Error: 
 Accuracy: 72.6%, Avg loss: 0.043052 

Epoch 85
-------------------------------
loss: 0.042701  [    0/120000]
loss: 0.041302  [25600/120000]
loss: 0.043784  [51200/120000]
loss: 0.038151  [76800/120000]
loss: 0.054659  [102400/120000]
Test Error: 
 Accuracy: 72.5%, Avg loss: 0.043383 

Epoch 86
-------------------------------
loss: 0.044145  [    0/120000]
loss: 0.048115  [25600/120000]
loss: 0.041994  [51200/120000]
loss: 0.046133  [76800/120000]
loss: 0.042158  [102400/120000]
Test Error: 
 Accuracy: 72.8%, Avg loss: 0.042998 

Epoch 87
-------------------------------
loss: 0.044821  [    0/120000]
loss: 0.039310  [25600/120000]
loss: 0.039615  [51200/120000]
loss: 0.048165  [76800/120000]
loss: 0.044637  [102400/120000]
Test Error: 
 Accuracy: 72.6%, Avg loss: 0.043196 

Epoch 88
-------------------------------
loss: 0.040142  [    0/120000]
loss: 0.049509  [25600/120000]
loss: 0.045856  [51200/120000]
loss: 0.043152  [76800/120000]
loss: 0.042697  [102400/120000]
Test Error: 
 Accuracy: 73.1%, Avg loss: 0.042771 

Epoch 89
-------------------------------
loss: 0.041087  [    0/120000]
loss: 0.043316  [25600/120000]
loss: 0.042220  [51200/120000]
loss: 0.046216  [76800/120000]
loss: 0.041208  [102400/120000]
Test Error: 
 Accuracy: 73.4%, Avg loss: 0.042617 

Epoch 90
-------------------------------
loss: 0.041900  [    0/120000]
loss: 0.034803  [25600/120000]
loss: 0.043961  [51200/120000]
loss: 0.048246  [76800/120000]
loss: 0.047915  [102400/120000]
Test Error: 
 Accuracy: 73.2%, Avg loss: 0.042768 

Epoch 91
-------------------------------
loss: 0.042160  [    0/120000]
loss: 0.044829  [25600/120000]
loss: 0.047334  [51200/120000]
loss: 0.038168  [76800/120000]
loss: 0.042258  [102400/120000]
Test Error: 
 Accuracy: 73.6%, Avg loss: 0.042306 

Epoch 92
-------------------------------
loss: 0.038175  [    0/120000]
loss: 0.038693  [25600/120000]
loss: 0.040101  [51200/120000]
loss: 0.045173  [76800/120000]
loss: 0.048112  [102400/120000]
Test Error: 
 Accuracy: 73.6%, Avg loss: 0.042216 

Epoch 93
-------------------------------
loss: 0.035943  [    0/120000]
loss: 0.040180  [25600/120000]
loss: 0.046184  [51200/120000]
loss: 0.044728  [76800/120000]
loss: 0.043880  [102400/120000]
Test Error: 
 Accuracy: 73.6%, Avg loss: 0.042208 

Epoch 94
-------------------------------
loss: 0.056441  [    0/120000]
loss: 0.046215  [25600/120000]
loss: 0.038824  [51200/120000]
loss: 0.046379  [76800/120000]
loss: 0.041625  [102400/120000]
Test Error: 
 Accuracy: 73.9%, Avg loss: 0.042121 

Epoch 95
-------------------------------
loss: 0.038525  [    0/120000]
loss: 0.039918  [25600/120000]
loss: 0.035436  [51200/120000]
loss: 0.042918  [76800/120000]
loss: 0.046284  [102400/120000]
Test Error: 
 Accuracy: 73.9%, Avg loss: 0.042053 

Epoch 96
-------------------------------
loss: 0.038701  [    0/120000]
loss: 0.040410  [25600/120000]
loss: 0.042061  [51200/120000]
loss: 0.038008  [76800/120000]
loss: 0.040052  [102400/120000]
Test Error: 
 Accuracy: 73.5%, Avg loss: 0.042019 

Epoch 97
-------------------------------
loss: 0.037845  [    0/120000]
loss: 0.053066  [25600/120000]
loss: 0.036699  [51200/120000]
loss: 0.041138  [76800/120000]
loss: 0.039773  [102400/120000]
Test Error: 
 Accuracy: 74.2%, Avg loss: 0.041920 

Epoch 98
-------------------------------
loss: 0.043807  [    0/120000]
loss: 0.045288  [25600/120000]
loss: 0.046220  [51200/120000]
loss: 0.045506  [76800/120000]
loss: 0.051149  [102400/120000]
Test Error: 
 Accuracy: 74.4%, Avg loss: 0.041830 

Epoch 99
-------------------------------
loss: 0.041874  [    0/120000]
loss: 0.042198  [25600/120000]
loss: 0.044191  [51200/120000]
loss: 0.050411  [76800/120000]
loss: 0.042023  [102400/120000]
Test Error: 
 Accuracy: 74.5%, Avg loss: 0.041368 

Epoch 100
-------------------------------
loss: 0.039213  [    0/120000]
loss: 0.037333  [25600/120000]
loss: 0.045704  [51200/120000]
loss: 0.052468  [76800/120000]
loss: 0.045758  [102400/120000]
Test Error: 
 Accuracy: 75.0%, Avg loss: 0.041179 