Epoch 1
-------------------------------
loss: 0.101170  [    0/120000]
loss: 0.081265  [25600/120000]
loss: 0.071083  [51200/120000]
loss: 0.069662  [76800/120000]
loss: 0.070875  [102400/120000]
Test Error: 
 Accuracy: 54.0%, Avg loss: 0.062283 

Epoch 2
-------------------------------
loss: 0.064546  [    0/120000]
loss: 0.056704  [25600/120000]
loss: 0.059957  [51200/120000]
loss: 0.060824  [76800/120000]
loss: 0.049048  [102400/120000]
Test Error: 
 Accuracy: 60.3%, Avg loss: 0.053699 

Epoch 3
-------------------------------
loss: 0.055271  [    0/120000]
loss: 0.051583  [25600/120000]
loss: 0.044081  [51200/120000]
loss: 0.054008  [76800/120000]
loss: 0.057860  [102400/120000]
Test Error: 
 Accuracy: 65.4%, Avg loss: 0.049133 

Epoch 4
-------------------------------
loss: 0.049610  [    0/120000]
loss: 0.042052  [25600/120000]
loss: 0.040389  [51200/120000]
loss: 0.053933  [76800/120000]
loss: 0.046044  [102400/120000]
Test Error: 
 Accuracy: 68.7%, Avg loss: 0.045873 

Epoch 5
-------------------------------
loss: 0.048963  [    0/120000]
loss: 0.044916  [25600/120000]
loss: 0.037505  [51200/120000]
loss: 0.047589  [76800/120000]
loss: 0.043857  [102400/120000]
Test Error: 
 Accuracy: 72.3%, Avg loss: 0.042953 

Epoch 6
-------------------------------
loss: 0.049665  [    0/120000]
loss: 0.042129  [25600/120000]
loss: 0.040391  [51200/120000]
loss: 0.047353  [76800/120000]
loss: 0.037952  [102400/120000]
Test Error: 
 Accuracy: 74.5%, Avg loss: 0.040960 

Epoch 7
-------------------------------
loss: 0.036315  [    0/120000]
loss: 0.034969  [25600/120000]
loss: 0.037638  [51200/120000]
loss: 0.039523  [76800/120000]
loss: 0.039796  [102400/120000]
Test Error: 
 Accuracy: 76.2%, Avg loss: 0.039359 

Epoch 8
-------------------------------
loss: 0.043574  [    0/120000]
loss: 0.039736  [25600/120000]
loss: 0.036540  [51200/120000]
loss: 0.038306  [76800/120000]
loss: 0.035916  [102400/120000]
Test Error: 
 Accuracy: 77.5%, Avg loss: 0.037846 

Epoch 9
-------------------------------
loss: 0.043684  [    0/120000]
loss: 0.031555  [25600/120000]
loss: 0.040012  [51200/120000]
loss: 0.045296  [76800/120000]
loss: 0.040919  [102400/120000]
Test Error: 
 Accuracy: 78.7%, Avg loss: 0.036789 

Epoch 10
-------------------------------
loss: 0.038680  [    0/120000]
loss: 0.037708  [25600/120000]
loss: 0.030320  [51200/120000]
loss: 0.041805  [76800/120000]
loss: 0.038667  [102400/120000]
Test Error: 
 Accuracy: 79.6%, Avg loss: 0.035736 

Epoch 11
-------------------------------
loss: 0.033343  [    0/120000]
loss: 0.036468  [25600/120000]
loss: 0.041209  [51200/120000]
loss: 0.033037  [76800/120000]
loss: 0.034579  [102400/120000]
Test Error: 
 Accuracy: 80.8%, Avg loss: 0.034769 

Epoch 12
-------------------------------
loss: 0.039329  [    0/120000]
loss: 0.034108  [25600/120000]
loss: 0.034775  [51200/120000]
loss: 0.029808  [76800/120000]
loss: 0.033688  [102400/120000]
Test Error: 
 Accuracy: 81.0%, Avg loss: 0.033816 

Epoch 13
-------------------------------
loss: 0.034683  [    0/120000]
loss: 0.035927  [25600/120000]
loss: 0.035263  [51200/120000]
loss: 0.033820  [76800/120000]
loss: 0.034958  [102400/120000]
Test Error: 
 Accuracy: 82.0%, Avg loss: 0.032858 

Epoch 14
-------------------------------
loss: 0.039476  [    0/120000]
loss: 0.031752  [25600/120000]
loss: 0.034426  [51200/120000]
loss: 0.037467  [76800/120000]
loss: 0.029594  [102400/120000]
Test Error: 
 Accuracy: 82.7%, Avg loss: 0.032162 

Epoch 15
-------------------------------
loss: 0.037655  [    0/120000]
loss: 0.033219  [25600/120000]
loss: 0.035552  [51200/120000]
loss: 0.034619  [76800/120000]
loss: 0.033327  [102400/120000]
Test Error: 
 Accuracy: 83.2%, Avg loss: 0.031590 

Epoch 16
-------------------------------
loss: 0.030701  [    0/120000]
loss: 0.029056  [25600/120000]
loss: 0.028136  [51200/120000]
loss: 0.030878  [76800/120000]
loss: 0.029389  [102400/120000]
Test Error: 
 Accuracy: 84.1%, Avg loss: 0.030468 

Epoch 17
-------------------------------
loss: 0.033926  [    0/120000]
loss: 0.026618  [25600/120000]
loss: 0.025232  [51200/120000]
loss: 0.029443  [76800/120000]
loss: 0.026882  [102400/120000]
Test Error: 
 Accuracy: 84.0%, Avg loss: 0.030327 

Epoch 18
-------------------------------
loss: 0.026542  [    0/120000]
loss: 0.027756  [25600/120000]
loss: 0.032302  [51200/120000]
loss: 0.030425  [76800/120000]
loss: 0.028213  [102400/120000]
Test Error: 
 Accuracy: 84.5%, Avg loss: 0.029524 

Epoch 19
-------------------------------
loss: 0.031565  [    0/120000]
loss: 0.026929  [25600/120000]
loss: 0.030536  [51200/120000]
loss: 0.026452  [76800/120000]
loss: 0.022963  [102400/120000]
Test Error: 
 Accuracy: 85.3%, Avg loss: 0.028563 

Epoch 20
-------------------------------
loss: 0.031907  [    0/120000]
loss: 0.028564  [25600/120000]
loss: 0.029851  [51200/120000]
loss: 0.025170  [76800/120000]
loss: 0.026621  [102400/120000]
Test Error: 
 Accuracy: 85.5%, Avg loss: 0.028129 

Epoch 21
-------------------------------
loss: 0.025871  [    0/120000]
loss: 0.029011  [25600/120000]
loss: 0.021790  [51200/120000]
loss: 0.029265  [76800/120000]
loss: 0.025763  [102400/120000]
Test Error: 
 Accuracy: 85.6%, Avg loss: 0.027672 

Epoch 22
-------------------------------
loss: 0.027782  [    0/120000]
loss: 0.028542  [25600/120000]
loss: 0.037848  [51200/120000]
loss: 0.025876  [76800/120000]
loss: 0.035260  [102400/120000]
Test Error: 
 Accuracy: 86.0%, Avg loss: 0.026960 

Epoch 23
-------------------------------
loss: 0.024376  [    0/120000]
loss: 0.030078  [25600/120000]
loss: 0.029932  [51200/120000]
loss: 0.027987  [76800/120000]
loss: 0.026627  [102400/120000]
Test Error: 
 Accuracy: 86.3%, Avg loss: 0.026457 

Epoch 24
-------------------------------
loss: 0.026019  [    0/120000]
loss: 0.024148  [25600/120000]
loss: 0.031982  [51200/120000]
loss: 0.022219  [76800/120000]
loss: 0.028284  [102400/120000]
Test Error: 
 Accuracy: 86.7%, Avg loss: 0.026310 

Epoch 25
-------------------------------
loss: 0.022738  [    0/120000]
loss: 0.024659  [25600/120000]
loss: 0.029951  [51200/120000]
loss: 0.020998  [76800/120000]
loss: 0.027087  [102400/120000]
Test Error: 
 Accuracy: 86.7%, Avg loss: 0.025612 

Epoch 26
-------------------------------
loss: 0.029211  [    0/120000]
loss: 0.032863  [25600/120000]
loss: 0.016999  [51200/120000]
loss: 0.027753  [76800/120000]
loss: 0.037718  [102400/120000]
Test Error: 
 Accuracy: 87.0%, Avg loss: 0.025373 

Epoch 27
-------------------------------
loss: 0.024924  [    0/120000]
loss: 0.022129  [25600/120000]
loss: 0.021260  [51200/120000]
loss: 0.023054  [76800/120000]
loss: 0.021068  [102400/120000]
Test Error: 
 Accuracy: 86.9%, Avg loss: 0.025309 

Epoch 28
-------------------------------
loss: 0.022960  [    0/120000]
loss: 0.025666  [25600/120000]
loss: 0.023672  [51200/120000]
loss: 0.025193  [76800/120000]
loss: 0.027062  [102400/120000]
Test Error: 
 Accuracy: 87.0%, Avg loss: 0.024860 

Epoch 29
-------------------------------
loss: 0.026681  [    0/120000]
loss: 0.025291  [25600/120000]
loss: 0.019305  [51200/120000]
loss: 0.027126  [76800/120000]
loss: 0.016529  [102400/120000]
Test Error: 
 Accuracy: 87.6%, Avg loss: 0.024409 

Epoch 30
-------------------------------
loss: 0.019164  [    0/120000]
loss: 0.029400  [25600/120000]
loss: 0.029938  [51200/120000]
loss: 0.019588  [76800/120000]
loss: 0.017713  [102400/120000]
Test Error: 
 Accuracy: 87.9%, Avg loss: 0.024054 

Epoch 31
-------------------------------
loss: 0.016393  [    0/120000]
loss: 0.026460  [25600/120000]
loss: 0.025467  [51200/120000]
loss: 0.017908  [76800/120000]
loss: 0.024045  [102400/120000]
Test Error: 
 Accuracy: 87.8%, Avg loss: 0.024049 

Epoch 32
-------------------------------
loss: 0.023075  [    0/120000]
loss: 0.021588  [25600/120000]
loss: 0.024329  [51200/120000]
loss: 0.031845  [76800/120000]
loss: 0.027325  [102400/120000]
Test Error: 
 Accuracy: 88.0%, Avg loss: 0.023716 

Epoch 33
-------------------------------
loss: 0.026179  [    0/120000]
loss: 0.017548  [25600/120000]
loss: 0.021555  [51200/120000]
loss: 0.021107  [76800/120000]
loss: 0.020351  [102400/120000]
Test Error: 
 Accuracy: 88.0%, Avg loss: 0.023475 

Epoch 34
-------------------------------
loss: 0.027999  [    0/120000]
loss: 0.017988  [25600/120000]
loss: 0.026989  [51200/120000]
loss: 0.018494  [76800/120000]
loss: 0.014908  [102400/120000]
Test Error: 
 Accuracy: 88.3%, Avg loss: 0.023102 

Epoch 35
-------------------------------
loss: 0.020180  [    0/120000]
loss: 0.026927  [25600/120000]
loss: 0.024245  [51200/120000]
loss: 0.022871  [76800/120000]
loss: 0.022400  [102400/120000]
Test Error: 
 Accuracy: 88.4%, Avg loss: 0.022881 

Epoch 36
-------------------------------
loss: 0.019612  [    0/120000]
loss: 0.024103  [25600/120000]
loss: 0.021289  [51200/120000]
loss: 0.017445  [76800/120000]
loss: 0.018290  [102400/120000]
Test Error: 
 Accuracy: 88.3%, Avg loss: 0.023009 

Epoch 37
-------------------------------
loss: 0.025456  [    0/120000]
loss: 0.021269  [25600/120000]
loss: 0.022847  [51200/120000]
loss: 0.021639  [76800/120000]
loss: 0.022294  [102400/120000]
Test Error: 
 Accuracy: 88.5%, Avg loss: 0.022748 

Epoch 38
-------------------------------
loss: 0.021250  [    0/120000]
loss: 0.020026  [25600/120000]
loss: 0.022789  [51200/120000]
loss: 0.019447  [76800/120000]
loss: 0.019023  [102400/120000]
Test Error: 
 Accuracy: 88.4%, Avg loss: 0.022509 

Epoch 39
-------------------------------
loss: 0.024771  [    0/120000]
loss: 0.027007  [25600/120000]
loss: 0.016922  [51200/120000]
loss: 0.030198  [76800/120000]
loss: 0.021778  [102400/120000]
Test Error: 
 Accuracy: 88.9%, Avg loss: 0.022210 

Epoch 40
-------------------------------
loss: 0.019758  [    0/120000]
loss: 0.025883  [25600/120000]
loss: 0.022784  [51200/120000]
loss: 0.017580  [76800/120000]
loss: 0.016049  [102400/120000]
Test Error: 
 Accuracy: 88.3%, Avg loss: 0.022482 

Epoch 41
-------------------------------
loss: 0.023987  [    0/120000]
loss: 0.026050  [25600/120000]
loss: 0.014919  [51200/120000]
loss: 0.022758  [76800/120000]
loss: 0.025238  [102400/120000]
Test Error: 
 Accuracy: 88.8%, Avg loss: 0.022022 

Epoch 42
-------------------------------
loss: 0.022520  [    0/120000]
loss: 0.021251  [25600/120000]
loss: 0.022688  [51200/120000]
loss: 0.020384  [76800/120000]
loss: 0.026584  [102400/120000]
Test Error: 
 Accuracy: 89.0%, Avg loss: 0.021657 

Epoch 43
-------------------------------
loss: 0.026548  [    0/120000]
loss: 0.019672  [25600/120000]
loss: 0.024165  [51200/120000]
loss: 0.020226  [76800/120000]
loss: 0.023961  [102400/120000]
Test Error: 
 Accuracy: 88.6%, Avg loss: 0.021941 

Epoch 44
-------------------------------
loss: 0.018901  [    0/120000]
loss: 0.023379  [25600/120000]
loss: 0.026859  [51200/120000]
loss: 0.021528  [76800/120000]
loss: 0.012739  [102400/120000]
Test Error: 
 Accuracy: 89.1%, Avg loss: 0.021880 

Epoch 45
-------------------------------
loss: 0.023963  [    0/120000]
loss: 0.027631  [25600/120000]
loss: 0.025010  [51200/120000]
loss: 0.023043  [76800/120000]
loss: 0.023316  [102400/120000]
Test Error: 
 Accuracy: 89.2%, Avg loss: 0.021617 

Epoch 46
-------------------------------
loss: 0.019580  [    0/120000]
loss: 0.020053  [25600/120000]
loss: 0.016066  [51200/120000]
loss: 0.022101  [76800/120000]
loss: 0.018986  [102400/120000]
Test Error: 
 Accuracy: 89.2%, Avg loss: 0.021335 

Epoch 47
-------------------------------
loss: 0.018013  [    0/120000]
loss: 0.032785  [25600/120000]
loss: 0.023219  [51200/120000]
loss: 0.018779  [76800/120000]
loss: 0.018882  [102400/120000]
Test Error: 
 Accuracy: 89.3%, Avg loss: 0.021340 

Epoch 48
-------------------------------
loss: 0.017863  [    0/120000]
loss: 0.018487  [25600/120000]
loss: 0.019828  [51200/120000]
loss: 0.020293  [76800/120000]
loss: 0.015982  [102400/120000]
Test Error: 
 Accuracy: 89.3%, Avg loss: 0.021227 

Epoch 49
-------------------------------
loss: 0.012558  [    0/120000]
loss: 0.019791  [25600/120000]
loss: 0.020547  [51200/120000]
loss: 0.020363  [76800/120000]
loss: 0.019100  [102400/120000]
Test Error: 
 Accuracy: 89.5%, Avg loss: 0.021002 

Epoch 50
-------------------------------
loss: 0.012602  [    0/120000]
loss: 0.018940  [25600/120000]
loss: 0.020122  [51200/120000]
loss: 0.019756  [76800/120000]
loss: 0.021058  [102400/120000]
Test Error: 
 Accuracy: 89.4%, Avg loss: 0.020962 

Done!
