Epoch 1
-------------------------------
loss: 0.249244  [    0/120000]
loss: 0.089673  [25600/120000]
loss: 0.090441  [51200/120000]
loss: 0.090104  [76800/120000]
loss: 0.089833  [102400/120000]
Test Error: 
 Accuracy: 10.8%, Avg loss: 0.089996 

Epoch 2
-------------------------------
loss: 0.089680  [    0/120000]
loss: 0.090649  [25600/120000]
loss: 0.090211  [51200/120000]
loss: 0.089902  [76800/120000]
loss: 0.090235  [102400/120000]
Test Error: 
 Accuracy: 9.6%, Avg loss: 0.090098 

Epoch 3
-------------------------------
loss: 0.090177  [    0/120000]
loss: 0.090249  [25600/120000]
loss: 0.089725  [51200/120000]
loss: 0.090510  [76800/120000]
loss: 0.089850  [102400/120000]
Test Error: 
 Accuracy: 10.1%, Avg loss: 0.090036 

Epoch 4
-------------------------------
loss: 0.090219  [    0/120000]
loss: 0.089416  [25600/120000]
loss: 0.090397  [51200/120000]
loss: 0.089633  [76800/120000]
loss: 0.089514  [102400/120000]
Test Error: 
 Accuracy: 12.2%, Avg loss: 0.089995 

Epoch 5
-------------------------------
loss: 0.090084  [    0/120000]
loss: 0.090191  [25600/120000]
loss: 0.090133  [51200/120000]
loss: 0.089650  [76800/120000]
loss: 0.090224  [102400/120000]
Test Error: 
 Accuracy: 11.3%, Avg loss: 0.090046 

Epoch 6
-------------------------------
loss: 0.090604  [    0/120000]
loss: 0.090074  [25600/120000]
loss: 0.089523  [51200/120000]
loss: 0.090040  [76800/120000]
loss: 0.090824  [102400/120000]
Test Error: 
 Accuracy: 10.3%, Avg loss: 0.090125 

Epoch 7
-------------------------------
loss: 0.090157  [    0/120000]
loss: 0.090407  [25600/120000]
loss: 0.090302  [51200/120000]
loss: 0.089845  [76800/120000]
loss: 0.090436  [102400/120000]
Test Error: 
 Accuracy: 10.3%, Avg loss: 0.090134 

Epoch 8
-------------------------------
loss: 0.090188  [    0/120000]
loss: 0.090180  [25600/120000]
loss: 0.089660  [51200/120000]
loss: 0.090250  [76800/120000]
loss: 0.090081  [102400/120000]
Test Error: 
 Accuracy: 15.7%, Avg loss: 0.090130 

Epoch 9
-------------------------------
loss: 0.090149  [    0/120000]
loss: 0.089976  [25600/120000]
loss: 0.089952  [51200/120000]
loss: 0.089832  [76800/120000]
loss: 0.090104  [102400/120000]
Test Error: 
 Accuracy: 11.0%, Avg loss: 0.090169 

Epoch 10
-------------------------------
loss: 0.091096  [    0/120000]
loss: 0.089915  [25600/120000]
loss: 0.090099  [51200/120000]
loss: 0.090229  [76800/120000]
loss: 0.090239  [102400/120000]
Test Error: 
 Accuracy: 11.1%, Avg loss: 0.089941 

Epoch 11
-------------------------------
loss: 0.089817  [    0/120000]
loss: 0.089639  [25600/120000]
loss: 0.088824  [51200/120000]
loss: 0.086439  [76800/120000]
loss: 0.090650  [102400/120000]
Test Error: 
 Accuracy: 17.6%, Avg loss: 0.085333 

Epoch 12
-------------------------------
loss: 0.088116  [    0/120000]
loss: 0.078430  [25600/120000]
loss: 0.080843  [51200/120000]
loss: 0.086692  [76800/120000]
loss: 0.079411  [102400/120000]
Test Error: 
 Accuracy: 20.3%, Avg loss: 0.084470 

Epoch 13
-------------------------------
loss: 0.081600  [    0/120000]
loss: 0.086392  [25600/120000]
loss: 0.089151  [51200/120000]
loss: 0.081007  [76800/120000]
loss: 0.084453  [102400/120000]
Test Error: 
 Accuracy: 18.3%, Avg loss: 0.084097 

Epoch 14
-------------------------------
loss: 0.082310  [    0/120000]
loss: 0.078452  [25600/120000]
loss: 0.086436  [51200/120000]
loss: 0.081137  [76800/120000]
loss: 0.089788  [102400/120000]
Test Error: 
 Accuracy: 21.6%, Avg loss: 0.083734 

Epoch 15
-------------------------------
loss: 0.083565  [    0/120000]
loss: 0.084799  [25600/120000]
loss: 0.078814  [51200/120000]
loss: 0.084827  [76800/120000]
loss: 0.085627  [102400/120000]
Test Error: 
 Accuracy: 19.7%, Avg loss: 0.083034 

Epoch 16
-------------------------------
loss: 0.085459  [    0/120000]
loss: 0.084836  [25600/120000]
loss: 0.081925  [51200/120000]
loss: 0.081893  [76800/120000]
loss: 0.080593  [102400/120000]
Test Error: 
 Accuracy: 23.7%, Avg loss: 0.080113 

Epoch 17
-------------------------------
loss: 0.077537  [    0/120000]
loss: 0.081179  [25600/120000]
loss: 0.078104  [51200/120000]
loss: 0.077878  [76800/120000]
loss: 0.082257  [102400/120000]
Test Error: 
 Accuracy: 25.2%, Avg loss: 0.078795 

Epoch 18
-------------------------------
loss: 0.074308  [    0/120000]
loss: 0.081293  [25600/120000]
loss: 0.081062  [51200/120000]
loss: 0.081271  [76800/120000]
loss: 0.072421  [102400/120000]
Test Error: 
 Accuracy: 26.8%, Avg loss: 0.077999 

Epoch 19
-------------------------------
loss: 0.078328  [    0/120000]
loss: 0.073550  [25600/120000]
loss: 0.080805  [51200/120000]
loss: 0.078619  [76800/120000]
loss: 0.077719  [102400/120000]
Test Error: 
 Accuracy: 34.4%, Avg loss: 0.076011 

Epoch 20
-------------------------------
loss: 0.079477  [    0/120000]
loss: 0.072573  [25600/120000]
loss: 0.079183  [51200/120000]
loss: 0.076232  [76800/120000]
loss: 0.075096  [102400/120000]
Test Error: 
 Accuracy: 33.0%, Avg loss: 0.074680 

Epoch 21
-------------------------------
loss: 0.073489  [    0/120000]
loss: 0.072768  [25600/120000]
loss: 0.072810  [51200/120000]
loss: 0.072907  [76800/120000]
loss: 0.080475  [102400/120000]
Test Error: 
 Accuracy: 31.6%, Avg loss: 0.073387 

Epoch 22
-------------------------------
loss: 0.069607  [    0/120000]
loss: 0.074257  [25600/120000]
loss: 0.070257  [51200/120000]
loss: 0.067548  [76800/120000]
loss: 0.076981  [102400/120000]
Test Error: 
 Accuracy: 33.1%, Avg loss: 0.072495 

Epoch 23
-------------------------------
loss: 0.071629  [    0/120000]
loss: 0.062216  [25600/120000]
loss: 0.064583  [51200/120000]
loss: 0.065889  [76800/120000]
loss: 0.075511  [102400/120000]
Test Error: 
 Accuracy: 35.0%, Avg loss: 0.072064 

Epoch 24
-------------------------------
loss: 0.078292  [    0/120000]
loss: 0.073264  [25600/120000]
loss: 0.074469  [51200/120000]
loss: 0.074897  [76800/120000]
loss: 0.071598  [102400/120000]
Test Error: 
 Accuracy: 34.3%, Avg loss: 0.071688 

Epoch 25
-------------------------------
loss: 0.065233  [    0/120000]
loss: 0.066735  [25600/120000]
loss: 0.073459  [51200/120000]
loss: 0.069500  [76800/120000]
loss: 0.078403  [102400/120000]
Test Error: 
 Accuracy: 34.1%, Avg loss: 0.071134 

Epoch 26
-------------------------------
loss: 0.073553  [    0/120000]
loss: 0.072035  [25600/120000]
loss: 0.078830  [51200/120000]
loss: 0.069618  [76800/120000]
loss: 0.065711  [102400/120000]
Test Error: 
 Accuracy: 35.1%, Avg loss: 0.070826 

Epoch 27
-------------------------------
loss: 0.064011  [    0/120000]
loss: 0.065613  [25600/120000]
loss: 0.072005  [51200/120000]
loss: 0.069431  [76800/120000]
loss: 0.066016  [102400/120000]
Test Error: 
 Accuracy: 34.4%, Avg loss: 0.070582 

Epoch 28
-------------------------------
loss: 0.065092  [    0/120000]
loss: 0.068847  [25600/120000]
loss: 0.074862  [51200/120000]
loss: 0.072426  [76800/120000]
loss: 0.071464  [102400/120000]
Test Error: 
 Accuracy: 34.9%, Avg loss: 0.070545 

Epoch 29
-------------------------------
loss: 0.074546  [    0/120000]
loss: 0.068362  [25600/120000]
loss: 0.070528  [51200/120000]
loss: 0.070641  [76800/120000]
loss: 0.077933  [102400/120000]
Test Error: 
 Accuracy: 35.0%, Avg loss: 0.070082 

Epoch 30
-------------------------------
loss: 0.072477  [    0/120000]
loss: 0.072295  [25600/120000]
loss: 0.063096  [51200/120000]
loss: 0.072673  [76800/120000]
loss: 0.070070  [102400/120000]
Test Error: 
 Accuracy: 35.2%, Avg loss: 0.069997 

Epoch 31
-------------------------------
loss: 0.067031  [    0/120000]
loss: 0.072899  [25600/120000]
loss: 0.072041  [51200/120000]
loss: 0.071101  [76800/120000]
loss: 0.065238  [102400/120000]
Test Error: 
 Accuracy: 37.0%, Avg loss: 0.069769 

Epoch 32
-------------------------------
loss: 0.069154  [    0/120000]
loss: 0.068591  [25600/120000]
loss: 0.072042  [51200/120000]
loss: 0.070397  [76800/120000]
loss: 0.071229  [102400/120000]
Test Error: 
 Accuracy: 35.7%, Avg loss: 0.069526 

Epoch 33
-------------------------------
loss: 0.059490  [    0/120000]
loss: 0.065293  [25600/120000]
loss: 0.069265  [51200/120000]
loss: 0.068087  [76800/120000]
loss: 0.073239  [102400/120000]
Test Error: 
 Accuracy: 35.4%, Avg loss: 0.069472 

Epoch 34
-------------------------------
loss: 0.074010  [    0/120000]
loss: 0.063095  [25600/120000]
loss: 0.066724  [51200/120000]
loss: 0.071279  [76800/120000]
loss: 0.069127  [102400/120000]
Test Error: 
 Accuracy: 36.2%, Avg loss: 0.069139 

Epoch 35
-------------------------------
loss: 0.064815  [    0/120000]
loss: 0.064901  [25600/120000]
loss: 0.059708  [51200/120000]
loss: 0.065167  [76800/120000]
loss: 0.067631  [102400/120000]
Test Error: 
 Accuracy: 36.7%, Avg loss: 0.069038 

Epoch 36
-------------------------------
loss: 0.068365  [    0/120000]
loss: 0.073144  [25600/120000]
loss: 0.071167  [51200/120000]
loss: 0.069521  [76800/120000]
loss: 0.072447  [102400/120000]
Test Error: 
 Accuracy: 35.8%, Avg loss: 0.069121 

Epoch 37
-------------------------------
loss: 0.075219  [    0/120000]
loss: 0.071898  [25600/120000]
loss: 0.067932  [51200/120000]
loss: 0.073457  [76800/120000]
loss: 0.066307  [102400/120000]
Test Error: 
 Accuracy: 37.4%, Avg loss: 0.068178 

Epoch 38
-------------------------------
loss: 0.068719  [    0/120000]
loss: 0.068641  [25600/120000]
loss: 0.068527  [51200/120000]
loss: 0.073307  [76800/120000]
loss: 0.063884  [102400/120000]
Test Error: 
 Accuracy: 39.3%, Avg loss: 0.067604 

Epoch 39
-------------------------------
loss: 0.066375  [    0/120000]
loss: 0.077415  [25600/120000]
loss: 0.070641  [51200/120000]
loss: 0.064541  [76800/120000]
loss: 0.070877  [102400/120000]
Test Error: 
 Accuracy: 36.9%, Avg loss: 0.067492 

Epoch 40
-------------------------------
loss: 0.069542  [    0/120000]
loss: 0.071935  [25600/120000]
loss: 0.065182  [51200/120000]
loss: 0.066623  [76800/120000]
loss: 0.065047  [102400/120000]
Test Error: 
 Accuracy: 38.0%, Avg loss: 0.067287 

Epoch 41
-------------------------------
loss: 0.063039  [    0/120000]
loss: 0.067904  [25600/120000]
loss: 0.059518  [51200/120000]
loss: 0.069599  [76800/120000]
loss: 0.068078  [102400/120000]
Test Error: 
 Accuracy: 39.6%, Avg loss: 0.067386 

Epoch 42
-------------------------------
loss: 0.069261  [    0/120000]
loss: 0.057550  [25600/120000]
loss: 0.063683  [51200/120000]
loss: 0.061654  [76800/120000]
loss: 0.067123  [102400/120000]
Test Error: 
 Accuracy: 38.0%, Avg loss: 0.066877 

Epoch 43
-------------------------------
loss: 0.068852  [    0/120000]
loss: 0.066305  [25600/120000]
loss: 0.072404  [51200/120000]
loss: 0.060576  [76800/120000]
loss: 0.070469  [102400/120000]
Test Error: 
 Accuracy: 38.5%, Avg loss: 0.066553 

Epoch 44
-------------------------------
loss: 0.070202  [    0/120000]
loss: 0.067130  [25600/120000]
loss: 0.074134  [51200/120000]
loss: 0.062660  [76800/120000]
loss: 0.073061  [102400/120000]
Test Error: 
 Accuracy: 37.5%, Avg loss: 0.066625 

Epoch 45
-------------------------------
loss: 0.071823  [    0/120000]
loss: 0.069927  [25600/120000]
loss: 0.071952  [51200/120000]
loss: 0.066561  [76800/120000]
loss: 0.072474  [102400/120000]
Test Error: 
 Accuracy: 39.1%, Avg loss: 0.066641 

Epoch 46
-------------------------------
loss: 0.069397  [    0/120000]
loss: 0.066365  [25600/120000]
loss: 0.068469  [51200/120000]
loss: 0.069423  [76800/120000]
loss: 0.066749  [102400/120000]
Test Error: 
 Accuracy: 39.8%, Avg loss: 0.066238 

Epoch 47
-------------------------------
loss: 0.070747  [    0/120000]
loss: 0.062687  [25600/120000]
loss: 0.071506  [51200/120000]
loss: 0.062827  [76800/120000]
loss: 0.062617  [102400/120000]
Test Error: 
 Accuracy: 39.3%, Avg loss: 0.066168 

Epoch 48
-------------------------------
loss: 0.071845  [    0/120000]
loss: 0.051344  [25600/120000]
loss: 0.068096  [51200/120000]
loss: 0.061746  [76800/120000]
loss: 0.072410  [102400/120000]
Test Error: 
 Accuracy: 39.7%, Avg loss: 0.066014 

Epoch 49
-------------------------------
loss: 0.064857  [    0/120000]
loss: 0.066141  [25600/120000]
loss: 0.060310  [51200/120000]
loss: 0.059847  [76800/120000]
loss: 0.072215  [102400/120000]
Test Error: 
 Accuracy: 39.0%, Avg loss: 0.066063 

Epoch 50
-------------------------------
loss: 0.067585  [    0/120000]
loss: 0.069642  [25600/120000]
loss: 0.069533  [51200/120000]
loss: 0.071668  [76800/120000]
loss: 0.070140  [102400/120000]
Test Error: 
 Accuracy: 39.7%, Avg loss: 0.065751 

Done!
