Epoch 1
-------------------------------
loss: 0.098825  [    0/120000]
loss: 0.049712  [25600/120000]
loss: 0.044581  [51200/120000]
loss: 0.039542  [76800/120000]
loss: 0.035219  [102400/120000]
Test Error: 
 Accuracy: 76.2%, Avg loss: 0.038026 

Epoch 2
-------------------------------
loss: 0.030517  [    0/120000]
loss: 0.040688  [25600/120000]
loss: 0.033478  [51200/120000]
loss: 0.029430  [76800/120000]
loss: 0.029321  [102400/120000]
Test Error: 
 Accuracy: 82.6%, Avg loss: 0.030511 

Epoch 3
-------------------------------
loss: 0.027100  [    0/120000]
loss: 0.026705  [25600/120000]
loss: 0.030232  [51200/120000]
loss: 0.023035  [76800/120000]
loss: 0.025773  [102400/120000]
Test Error: 
 Accuracy: 85.3%, Avg loss: 0.026552 

Epoch 4
-------------------------------
loss: 0.023944  [    0/120000]
loss: 0.032391  [25600/120000]
loss: 0.026994  [51200/120000]
loss: 0.023933  [76800/120000]
loss: 0.028711  [102400/120000]
Test Error: 
 Accuracy: 86.5%, Avg loss: 0.024985 

Epoch 5
-------------------------------
loss: 0.021331  [    0/120000]
loss: 0.025292  [25600/120000]
loss: 0.021481  [51200/120000]
loss: 0.027377  [76800/120000]
loss: 0.025259  [102400/120000]
Test Error: 
 Accuracy: 87.9%, Avg loss: 0.022933 

Epoch 6
-------------------------------
loss: 0.023462  [    0/120000]
loss: 0.020251  [25600/120000]
loss: 0.023987  [51200/120000]
loss: 0.021935  [76800/120000]
loss: 0.028218  [102400/120000]
Test Error: 
 Accuracy: 88.5%, Avg loss: 0.022018 

Epoch 7
-------------------------------
loss: 0.030892  [    0/120000]
loss: 0.027393  [25600/120000]
loss: 0.029698  [51200/120000]
loss: 0.023866  [76800/120000]
loss: 0.021104  [102400/120000]
Test Error: 
 Accuracy: 89.1%, Avg loss: 0.020948 

Epoch 8
-------------------------------
loss: 0.021532  [    0/120000]
loss: 0.019078  [25600/120000]
loss: 0.029693  [51200/120000]
loss: 0.018257  [76800/120000]
loss: 0.020989  [102400/120000]
Test Error: 
 Accuracy: 89.5%, Avg loss: 0.020482 

Epoch 9
-------------------------------
loss: 0.019824  [    0/120000]
loss: 0.026112  [25600/120000]
loss: 0.029708  [51200/120000]
loss: 0.018888  [76800/120000]
loss: 0.019378  [102400/120000]
Test Error: 
 Accuracy: 90.0%, Avg loss: 0.019838 

Epoch 10
-------------------------------
loss: 0.026398  [    0/120000]
loss: 0.017073  [25600/120000]
loss: 0.014660  [51200/120000]
loss: 0.026537  [76800/120000]
loss: 0.027119  [102400/120000]
Test Error: 
 Accuracy: 89.9%, Avg loss: 0.020061 

Epoch 11
-------------------------------
loss: 0.022942  [    0/120000]
loss: 0.023915  [25600/120000]
loss: 0.015622  [51200/120000]
loss: 0.013711  [76800/120000]
loss: 0.018445  [102400/120000]
Test Error: 
 Accuracy: 90.2%, Avg loss: 0.019401 

Epoch 12
-------------------------------
loss: 0.019736  [    0/120000]
loss: 0.015098  [25600/120000]
loss: 0.018570  [51200/120000]
loss: 0.016666  [76800/120000]
loss: 0.022068  [102400/120000]
Test Error: 
 Accuracy: 90.1%, Avg loss: 0.018987 

Epoch 13
-------------------------------
loss: 0.017982  [    0/120000]
loss: 0.010688  [25600/120000]
loss: 0.017022  [51200/120000]
loss: 0.021853  [76800/120000]
loss: 0.021615  [102400/120000]
Test Error: 
 Accuracy: 90.4%, Avg loss: 0.018968 

Epoch 14
-------------------------------
loss: 0.020000  [    0/120000]
loss: 0.018774  [25600/120000]
loss: 0.016144  [51200/120000]
loss: 0.023051  [76800/120000]
loss: 0.019719  [102400/120000]
Test Error: 
 Accuracy: 91.0%, Avg loss: 0.017987 

Epoch 15
-------------------------------
loss: 0.017048  [    0/120000]
loss: 0.016128  [25600/120000]
loss: 0.019597  [51200/120000]
loss: 0.015493  [76800/120000]
loss: 0.022483  [102400/120000]
Test Error: 
 Accuracy: 90.9%, Avg loss: 0.018119 

Epoch 16
-------------------------------
loss: 0.018227  [    0/120000]
loss: 0.021106  [25600/120000]
loss: 0.025894  [51200/120000]
loss: 0.025328  [76800/120000]
loss: 0.017567  [102400/120000]
Test Error: 
 Accuracy: 90.8%, Avg loss: 0.018698 

Epoch 17
-------------------------------
loss: 0.012935  [    0/120000]
loss: 0.021523  [25600/120000]
loss: 0.021404  [51200/120000]
loss: 0.012633  [76800/120000]
loss: 0.018223  [102400/120000]
Test Error: 
 Accuracy: 91.3%, Avg loss: 0.017609 

Epoch 18
-------------------------------
loss: 0.019658  [    0/120000]
loss: 0.015952  [25600/120000]
loss: 0.014227  [51200/120000]
loss: 0.017340  [76800/120000]
loss: 0.018032  [102400/120000]
Test Error: 
 Accuracy: 91.1%, Avg loss: 0.017757 

Epoch 19
-------------------------------
loss: 0.014225  [    0/120000]
loss: 0.019890  [25600/120000]
loss: 0.009896  [51200/120000]
loss: 0.018966  [76800/120000]
loss: 0.020249  [102400/120000]
Test Error: 
 Accuracy: 91.4%, Avg loss: 0.017289 

Epoch 20
-------------------------------
loss: 0.020192  [    0/120000]
loss: 0.007034  [25600/120000]
loss: 0.014962  [51200/120000]
loss: 0.016430  [76800/120000]
loss: 0.015139  [102400/120000]
Test Error: 
 Accuracy: 91.7%, Avg loss: 0.017044 

Epoch 21
-------------------------------
loss: 0.013078  [    0/120000]
loss: 0.019597  [25600/120000]
loss: 0.012003  [51200/120000]
loss: 0.011971  [76800/120000]
loss: 0.009225  [102400/120000]
Test Error: 
 Accuracy: 91.7%, Avg loss: 0.016814 

Epoch 22
-------------------------------
loss: 0.020016  [    0/120000]
loss: 0.016665  [25600/120000]
loss: 0.020430  [51200/120000]
loss: 0.018296  [76800/120000]
loss: 0.017833  [102400/120000]
Test Error: 
 Accuracy: 91.6%, Avg loss: 0.016815 

Epoch 23
-------------------------------
loss: 0.012684  [    0/120000]
loss: 0.013907  [25600/120000]
loss: 0.012293  [51200/120000]
loss: 0.012394  [76800/120000]
loss: 0.012440  [102400/120000]
Test Error: 
 Accuracy: 91.9%, Avg loss: 0.016782 

Epoch 24
-------------------------------
loss: 0.019598  [    0/120000]
loss: 0.019584  [25600/120000]
loss: 0.017309  [51200/120000]
loss: 0.025591  [76800/120000]
loss: 0.015613  [102400/120000]
Test Error: 
 Accuracy: 91.7%, Avg loss: 0.016616 

Epoch 25
-------------------------------
loss: 0.012091  [    0/120000]
loss: 0.014740  [25600/120000]
loss: 0.018729  [51200/120000]
loss: 0.015568  [76800/120000]
loss: 0.011377  [102400/120000]
Test Error: 
 Accuracy: 91.7%, Avg loss: 0.016282 

Epoch 26
-------------------------------
loss: 0.019947  [    0/120000]
loss: 0.023489  [25600/120000]
loss: 0.019421  [51200/120000]
loss: 0.016722  [76800/120000]
loss: 0.016593  [102400/120000]
Test Error: 
 Accuracy: 91.9%, Avg loss: 0.016423 

Epoch 27
-------------------------------
loss: 0.014842  [    0/120000]
loss: 0.014764  [25600/120000]
loss: 0.020002  [51200/120000]
loss: 0.013621  [76800/120000]
loss: 0.017035  [102400/120000]
Test Error: 
 Accuracy: 91.9%, Avg loss: 0.016301 

Epoch 28
-------------------------------
loss: 0.007188  [    0/120000]
loss: 0.017200  [25600/120000]
loss: 0.012240  [51200/120000]
loss: 0.009971  [76800/120000]
loss: 0.014596  [102400/120000]
Test Error: 
 Accuracy: 92.1%, Avg loss: 0.016167 

Epoch 29
-------------------------------
loss: 0.015019  [    0/120000]
loss: 0.015131  [25600/120000]
loss: 0.013792  [51200/120000]
loss: 0.012299  [76800/120000]
loss: 0.008994  [102400/120000]
Test Error: 
 Accuracy: 91.9%, Avg loss: 0.016312 

Epoch 30
-------------------------------
loss: 0.011388  [    0/120000]
loss: 0.023785  [25600/120000]
loss: 0.012196  [51200/120000]
loss: 0.019120  [76800/120000]
loss: 0.012113  [102400/120000]
Test Error: 
 Accuracy: 92.3%, Avg loss: 0.016287 

Epoch 31
-------------------------------
loss: 0.021055  [    0/120000]
loss: 0.011675  [25600/120000]
loss: 0.014300  [51200/120000]
loss: 0.019942  [76800/120000]
loss: 0.010611  [102400/120000]
Test Error: 
 Accuracy: 92.1%, Avg loss: 0.015874 

Epoch 32
-------------------------------
loss: 0.011641  [    0/120000]
loss: 0.015197  [25600/120000]
loss: 0.015561  [51200/120000]
loss: 0.011927  [76800/120000]
loss: 0.019290  [102400/120000]
Test Error: 
 Accuracy: 92.3%, Avg loss: 0.015593 

Epoch 33
-------------------------------
loss: 0.012813  [    0/120000]
loss: 0.013536  [25600/120000]
loss: 0.012779  [51200/120000]
loss: 0.015026  [76800/120000]
loss: 0.017666  [102400/120000]
Test Error: 
 Accuracy: 92.6%, Avg loss: 0.015495 

Epoch 34
-------------------------------
loss: 0.016034  [    0/120000]
loss: 0.014330  [25600/120000]
loss: 0.020400  [51200/120000]
loss: 0.015256  [76800/120000]
loss: 0.021264  [102400/120000]
Test Error: 
 Accuracy: 92.2%, Avg loss: 0.015817 

Epoch 35
-------------------------------
loss: 0.012172  [    0/120000]
loss: 0.016027  [25600/120000]
loss: 0.007996  [51200/120000]
loss: 0.023544  [76800/120000]
loss: 0.019472  [102400/120000]
Test Error: 
 Accuracy: 92.3%, Avg loss: 0.015817 

Epoch 36
-------------------------------
loss: 0.016354  [    0/120000]
loss: 0.012293  [25600/120000]
loss: 0.011360  [51200/120000]
loss: 0.018160  [76800/120000]
loss: 0.018328  [102400/120000]
Test Error: 
 Accuracy: 92.4%, Avg loss: 0.015517 

Epoch 37
-------------------------------
loss: 0.015182  [    0/120000]
loss: 0.016564  [25600/120000]
loss: 0.008238  [51200/120000]
loss: 0.013278  [76800/120000]
loss: 0.009089  [102400/120000]
Test Error: 
 Accuracy: 92.4%, Avg loss: 0.015198 

Epoch 38
-------------------------------
loss: 0.012085  [    0/120000]
loss: 0.018087  [25600/120000]
loss: 0.012665  [51200/120000]
loss: 0.012526  [76800/120000]
loss: 0.015040  [102400/120000]
Test Error: 
 Accuracy: 92.3%, Avg loss: 0.015522 

Epoch 39
-------------------------------
loss: 0.010662  [    0/120000]
loss: 0.017465  [25600/120000]
loss: 0.016509  [51200/120000]
loss: 0.018819  [76800/120000]
loss: 0.010810  [102400/120000]
Test Error: 
 Accuracy: 92.5%, Avg loss: 0.015203 

Epoch 40
-------------------------------
loss: 0.017535  [    0/120000]
loss: 0.014818  [25600/120000]
loss: 0.010829  [51200/120000]
loss: 0.007669  [76800/120000]
loss: 0.014482  [102400/120000]
Test Error: 
 Accuracy: 92.4%, Avg loss: 0.015220 

Epoch 41
-------------------------------
loss: 0.018986  [    0/120000]
loss: 0.017122  [25600/120000]
loss: 0.014295  [51200/120000]
loss: 0.013599  [76800/120000]
loss: 0.017514  [102400/120000]
Test Error: 
 Accuracy: 92.4%, Avg loss: 0.015290 

Epoch 42
-------------------------------
loss: 0.013887  [    0/120000]
loss: 0.012107  [25600/120000]
loss: 0.017753  [51200/120000]
loss: 0.014280  [76800/120000]
loss: 0.011403  [102400/120000]
Test Error: 
 Accuracy: 92.5%, Avg loss: 0.015165 

Epoch 43
-------------------------------
loss: 0.016560  [    0/120000]
loss: 0.016902  [25600/120000]
loss: 0.016614  [51200/120000]
loss: 0.015683  [76800/120000]
loss: 0.012019  [102400/120000]
Test Error: 
 Accuracy: 92.7%, Avg loss: 0.014724 

Epoch 44
-------------------------------
loss: 0.011564  [    0/120000]
loss: 0.016320  [25600/120000]
loss: 0.016982  [51200/120000]
loss: 0.018650  [76800/120000]
loss: 0.013864  [102400/120000]
Test Error: 
 Accuracy: 92.5%, Avg loss: 0.014869 

Epoch 45
-------------------------------
loss: 0.014044  [    0/120000]
loss: 0.008686  [25600/120000]
loss: 0.010831  [51200/120000]
loss: 0.011875  [76800/120000]
loss: 0.008366  [102400/120000]
Test Error: 
 Accuracy: 92.4%, Avg loss: 0.015007 

Epoch 46
-------------------------------
loss: 0.019287  [    0/120000]
loss: 0.015340  [25600/120000]
loss: 0.013077  [51200/120000]
loss: 0.013593  [76800/120000]
loss: 0.022067  [102400/120000]
Test Error: 
 Accuracy: 92.4%, Avg loss: 0.015156 

Epoch 47
-------------------------------
loss: 0.017076  [    0/120000]
loss: 0.018717  [25600/120000]
loss: 0.014785  [51200/120000]
loss: 0.014800  [76800/120000]
loss: 0.010642  [102400/120000]
Test Error: 
 Accuracy: 92.8%, Avg loss: 0.014428 

Epoch 48
-------------------------------
loss: 0.014839  [    0/120000]
loss: 0.015668  [25600/120000]
loss: 0.017330  [51200/120000]
loss: 0.006934  [76800/120000]
loss: 0.011611  [102400/120000]
Test Error: 
 Accuracy: 92.6%, Avg loss: 0.014884 

Epoch 49
-------------------------------
loss: 0.016795  [    0/120000]
loss: 0.018374  [25600/120000]
loss: 0.015658  [51200/120000]
loss: 0.011273  [76800/120000]
loss: 0.012792  [102400/120000]
Test Error: 
 Accuracy: 92.6%, Avg loss: 0.014735 

Epoch 50
-------------------------------
loss: 0.017352  [    0/120000]
loss: 0.014576  [25600/120000]
loss: 0.013787  [51200/120000]
loss: 0.010877  [76800/120000]
loss: 0.013500  [102400/120000]
Test Error: 
 Accuracy: 92.7%, Avg loss: 0.014572 

Done!
