Epoch 1
-------------------------------
loss: 0.104543  [    0/120000]
loss: 0.054128  [25600/120000]
loss: 0.036278  [51200/120000]
loss: 0.037297  [76800/120000]
loss: 0.036574  [102400/120000]
Test Error: 
 Accuracy: 80.9%, Avg loss: 0.032249 

Epoch 2
-------------------------------
loss: 0.041882  [    0/120000]
loss: 0.023758  [25600/120000]
loss: 0.023073  [51200/120000]
loss: 0.023428  [76800/120000]
loss: 0.019172  [102400/120000]
Test Error: 
 Accuracy: 84.4%, Avg loss: 0.028240 

Epoch 3
-------------------------------
loss: 0.033208  [    0/120000]
loss: 0.023902  [25600/120000]
loss: 0.027082  [51200/120000]
loss: 0.025711  [76800/120000]
loss: 0.018258  [102400/120000]
Test Error: 
 Accuracy: 86.2%, Avg loss: 0.025130 

Epoch 4
-------------------------------
loss: 0.022042  [    0/120000]
loss: 0.023535  [25600/120000]
loss: 0.019659  [51200/120000]
loss: 0.025239  [76800/120000]
loss: 0.020936  [102400/120000]
Test Error: 
 Accuracy: 87.3%, Avg loss: 0.023167 

Epoch 5
-------------------------------
loss: 0.024937  [    0/120000]
loss: 0.024029  [25600/120000]
loss: 0.022675  [51200/120000]
loss: 0.032747  [76800/120000]
loss: 0.019716  [102400/120000]
Test Error: 
 Accuracy: 87.8%, Avg loss: 0.022787 

Epoch 6
-------------------------------
loss: 0.031069  [    0/120000]
loss: 0.021252  [25600/120000]
loss: 0.027161  [51200/120000]
loss: 0.024280  [76800/120000]
loss: 0.015284  [102400/120000]
Test Error: 
 Accuracy: 88.3%, Avg loss: 0.023857 

Epoch 7
-------------------------------
loss: 0.022301  [    0/120000]
loss: 0.024882  [25600/120000]
loss: 0.022592  [51200/120000]
loss: 0.024407  [76800/120000]
loss: 0.019631  [102400/120000]
Test Error: 
 Accuracy: 87.8%, Avg loss: 0.022858 

Epoch 8
-------------------------------
loss: 0.021927  [    0/120000]
loss: 0.018904  [25600/120000]
loss: 0.013209  [51200/120000]
loss: 0.018356  [76800/120000]
loss: 0.022615  [102400/120000]
Test Error: 
 Accuracy: 89.5%, Avg loss: 0.020566 

Epoch 9
-------------------------------
loss: 0.023353  [    0/120000]
loss: 0.019759  [25600/120000]
loss: 0.015081  [51200/120000]
loss: 0.013735  [76800/120000]
loss: 0.018572  [102400/120000]
Test Error: 
 Accuracy: 89.2%, Avg loss: 0.020772 

Epoch 10
-------------------------------
loss: 0.015065  [    0/120000]
loss: 0.019869  [25600/120000]
loss: 0.025700  [51200/120000]
loss: 0.017919  [76800/120000]
loss: 0.015298  [102400/120000]
Test Error: 
 Accuracy: 89.7%, Avg loss: 0.020464 

Epoch 11
-------------------------------
loss: 0.024432  [    0/120000]
loss: 0.027872  [25600/120000]
loss: 0.023718  [51200/120000]
loss: 0.018045  [76800/120000]
loss: 0.012169  [102400/120000]
Test Error: 
 Accuracy: 90.0%, Avg loss: 0.020111 

Epoch 12
-------------------------------
loss: 0.017944  [    0/120000]
loss: 0.025085  [25600/120000]
loss: 0.017851  [51200/120000]
loss: 0.028156  [76800/120000]
loss: 0.020270  [102400/120000]
Test Error: 
 Accuracy: 89.9%, Avg loss: 0.020255 

Epoch 13
-------------------------------
loss: 0.018281  [    0/120000]
loss: 0.018043  [25600/120000]
loss: 0.027187  [51200/120000]
loss: 0.017070  [76800/120000]
loss: 0.017806  [102400/120000]
Test Error: 
 Accuracy: 89.9%, Avg loss: 0.020350 

Epoch 14
-------------------------------
loss: 0.017596  [    0/120000]
loss: 0.025019  [25600/120000]
loss: 0.015825  [51200/120000]
loss: 0.013695  [76800/120000]
loss: 0.019731  [102400/120000]
Test Error: 
 Accuracy: 90.2%, Avg loss: 0.021582 

Epoch 15
-------------------------------
loss: 0.022731  [    0/120000]
loss: 0.032494  [25600/120000]
loss: 0.019553  [51200/120000]
loss: 0.017461  [76800/120000]
loss: 0.023186  [102400/120000]
Test Error: 
 Accuracy: 90.3%, Avg loss: 0.020369 

Epoch 16
-------------------------------
loss: 0.023281  [    0/120000]
loss: 0.012601  [25600/120000]
loss: 0.018747  [51200/120000]
loss: 0.012457  [76800/120000]
loss: 0.022939  [102400/120000]
Test Error: 
 Accuracy: 90.3%, Avg loss: 0.020498 

Epoch 17
-------------------------------
loss: 0.019364  [    0/120000]
loss: 0.021129  [25600/120000]
loss: 0.020723  [51200/120000]
loss: 0.017260  [76800/120000]
loss: 0.024632  [102400/120000]
Test Error: 
 Accuracy: 91.1%, Avg loss: 0.018559 

Epoch 18
-------------------------------
loss: 0.018052  [    0/120000]
loss: 0.018809  [25600/120000]
loss: 0.013245  [51200/120000]
loss: 0.015637  [76800/120000]
loss: 0.015361  [102400/120000]
Test Error: 
 Accuracy: 90.9%, Avg loss: 0.018923 

Epoch 19
-------------------------------
loss: 0.016548  [    0/120000]
loss: 0.028252  [25600/120000]
loss: 0.021133  [51200/120000]
loss: 0.025038  [76800/120000]
loss: 0.014250  [102400/120000]
Test Error: 
 Accuracy: 90.4%, Avg loss: 0.019464 

Epoch 20
-------------------------------
loss: 0.014533  [    0/120000]
loss: 0.021405  [25600/120000]
loss: 0.011964  [51200/120000]
loss: 0.018480  [76800/120000]
loss: 0.021005  [102400/120000]
Test Error: 
 Accuracy: 90.5%, Avg loss: 0.020270 

Epoch 21
-------------------------------
loss: 0.015515  [    0/120000]
loss: 0.018561  [25600/120000]
loss: 0.019329  [51200/120000]
loss: 0.019157  [76800/120000]
loss: 0.018760  [102400/120000]
Test Error: 
 Accuracy: 91.2%, Avg loss: 0.019235 

Epoch 22
-------------------------------
loss: 0.018518  [    0/120000]
loss: 0.025386  [25600/120000]
loss: 0.018575  [51200/120000]
loss: 0.016866  [76800/120000]
loss: 0.023758  [102400/120000]
Test Error: 
 Accuracy: 91.1%, Avg loss: 0.019102 

Epoch 23
-------------------------------
loss: 0.022358  [    0/120000]
loss: 0.017058  [25600/120000]
loss: 0.014316  [51200/120000]
loss: 0.018694  [76800/120000]
loss: 0.016873  [102400/120000]
Test Error: 
 Accuracy: 90.7%, Avg loss: 0.019825 

Epoch 24
-------------------------------
loss: 0.018539  [    0/120000]
loss: 0.013788  [25600/120000]
loss: 0.022503  [51200/120000]
loss: 0.015449  [76800/120000]
loss: 0.017493  [102400/120000]
Test Error: 
 Accuracy: 90.8%, Avg loss: 0.020816 

Epoch 25
-------------------------------
loss: 0.021473  [    0/120000]
loss: 0.025058  [25600/120000]
loss: 0.023295  [51200/120000]
loss: 0.016513  [76800/120000]
loss: 0.018556  [102400/120000]
Test Error: 
 Accuracy: 90.9%, Avg loss: 0.018593 

Epoch 26
-------------------------------
loss: 0.013390  [    0/120000]
loss: 0.019134  [25600/120000]
loss: 0.015648  [51200/120000]
loss: 0.024024  [76800/120000]
loss: 0.016464  [102400/120000]
Test Error: 
 Accuracy: 91.5%, Avg loss: 0.017734 

Epoch 27
-------------------------------
loss: 0.014693  [    0/120000]
loss: 0.021689  [25600/120000]
loss: 0.021708  [51200/120000]
loss: 0.020355  [76800/120000]
loss: 0.023011  [102400/120000]
Test Error: 
 Accuracy: 91.0%, Avg loss: 0.018569 

Epoch 28
-------------------------------
loss: 0.016948  [    0/120000]
loss: 0.019387  [25600/120000]
loss: 0.018449  [51200/120000]
loss: 0.012829  [76800/120000]
loss: 0.014383  [102400/120000]
Test Error: 
 Accuracy: 90.9%, Avg loss: 0.018249 

Epoch 29
-------------------------------
loss: 0.014766  [    0/120000]
loss: 0.014419  [25600/120000]
loss: 0.026214  [51200/120000]
loss: 0.017531  [76800/120000]
loss: 0.016672  [102400/120000]
Test Error: 
 Accuracy: 91.1%, Avg loss: 0.019199 

Epoch 30
-------------------------------
loss: 0.019665  [    0/120000]
loss: 0.017849  [25600/120000]
loss: 0.021807  [51200/120000]
loss: 0.020888  [76800/120000]
loss: 0.021721  [102400/120000]
Test Error: 
 Accuracy: 91.2%, Avg loss: 0.018572 

Epoch 31
-------------------------------
loss: 0.015522  [    0/120000]
loss: 0.020547  [25600/120000]
loss: 0.018935  [51200/120000]
loss: 0.024041  [76800/120000]
loss: 0.017201  [102400/120000]
Test Error: 
 Accuracy: 91.5%, Avg loss: 0.017625 

Epoch 32
-------------------------------
loss: 0.016075  [    0/120000]
loss: 0.013531  [25600/120000]
loss: 0.020493  [51200/120000]
loss: 0.012753  [76800/120000]
loss: 0.017155  [102400/120000]
Test Error: 
 Accuracy: 91.1%, Avg loss: 0.019344 

Epoch 33
-------------------------------
loss: 0.016381  [    0/120000]
loss: 0.017085  [25600/120000]
loss: 0.020475  [51200/120000]
loss: 0.013748  [76800/120000]
loss: 0.025922  [102400/120000]
Test Error: 
 Accuracy: 91.7%, Avg loss: 0.017828 

Epoch 34
-------------------------------
loss: 0.020612  [    0/120000]
loss: 0.014740  [25600/120000]
loss: 0.021811  [51200/120000]
loss: 0.020843  [76800/120000]
loss: 0.012791  [102400/120000]
Test Error: 
 Accuracy: 91.5%, Avg loss: 0.017880 

Epoch 35
-------------------------------
loss: 0.016812  [    0/120000]
loss: 0.015873  [25600/120000]
loss: 0.023951  [51200/120000]
loss: 0.017881  [76800/120000]
loss: 0.015543  [102400/120000]
Test Error: 
 Accuracy: 91.5%, Avg loss: 0.018450 

Epoch 36
-------------------------------
loss: 0.019298  [    0/120000]
loss: 0.016072  [25600/120000]
loss: 0.014166  [51200/120000]
loss: 0.018872  [76800/120000]
loss: 0.021855  [102400/120000]
Test Error: 
 Accuracy: 91.3%, Avg loss: 0.018923 

Epoch 37
-------------------------------
loss: 0.018272  [    0/120000]
loss: 0.017116  [25600/120000]
loss: 0.019493  [51200/120000]
loss: 0.014760  [76800/120000]
loss: 0.013167  [102400/120000]
Test Error: 
 Accuracy: 90.9%, Avg loss: 0.020092 

Epoch 38
-------------------------------
loss: 0.020542  [    0/120000]
loss: 0.018365  [25600/120000]
loss: 0.018022  [51200/120000]
loss: 0.014023  [76800/120000]
loss: 0.018860  [102400/120000]
Test Error: 
 Accuracy: 91.4%, Avg loss: 0.017697 

Epoch 39
-------------------------------
loss: 0.013541  [    0/120000]
loss: 0.019410  [25600/120000]
loss: 0.011697  [51200/120000]
loss: 0.021370  [76800/120000]
loss: 0.014592  [102400/120000]
Test Error: 
 Accuracy: 91.4%, Avg loss: 0.019752 

Epoch 40
-------------------------------
loss: 0.026118  [    0/120000]
loss: 0.013063  [25600/120000]
loss: 0.015351  [51200/120000]
loss: 0.013823  [76800/120000]
loss: 0.022498  [102400/120000]
Test Error: 
 Accuracy: 91.8%, Avg loss: 0.017445 

Epoch 41
-------------------------------
loss: 0.017332  [    0/120000]
loss: 0.016550  [25600/120000]
loss: 0.016954  [51200/120000]
loss: 0.017690  [76800/120000]
loss: 0.019879  [102400/120000]
Test Error: 
 Accuracy: 92.1%, Avg loss: 0.017164 

Epoch 42
-------------------------------
loss: 0.015232  [    0/120000]
loss: 0.020003  [25600/120000]
loss: 0.018721  [51200/120000]
loss: 0.014316  [76800/120000]
loss: 0.017786  [102400/120000]
Test Error: 
 Accuracy: 91.6%, Avg loss: 0.017684 

Epoch 43
-------------------------------
loss: 0.019965  [    0/120000]
loss: 0.017688  [25600/120000]
loss: 0.016305  [51200/120000]
loss: 0.015178  [76800/120000]
loss: 0.019555  [102400/120000]
Test Error: 
 Accuracy: 91.1%, Avg loss: 0.019187 

Epoch 44
-------------------------------
loss: 0.018466  [    0/120000]
loss: 0.018789  [25600/120000]
loss: 0.018375  [51200/120000]
loss: 0.013421  [76800/120000]
loss: 0.019691  [102400/120000]
Test Error: 
 Accuracy: 91.6%, Avg loss: 0.017302 

Epoch 45
-------------------------------
loss: 0.016902  [    0/120000]
loss: 0.014340  [25600/120000]
loss: 0.017740  [51200/120000]
loss: 0.020550  [76800/120000]
loss: 0.015431  [102400/120000]
Test Error: 
 Accuracy: 91.8%, Avg loss: 0.017301 

Epoch 46
-------------------------------
loss: 0.019748  [    0/120000]
loss: 0.018224  [25600/120000]
loss: 0.015035  [51200/120000]
loss: 0.017348  [76800/120000]
loss: 0.017670  [102400/120000]
Test Error: 
 Accuracy: 91.5%, Avg loss: 0.017713 

Epoch 47
-------------------------------
loss: 0.016166  [    0/120000]
loss: 0.012923  [25600/120000]
loss: 0.020531  [51200/120000]
loss: 0.013332  [76800/120000]
loss: 0.019393  [102400/120000]
Test Error: 
 Accuracy: 91.6%, Avg loss: 0.017736 

Epoch 48
-------------------------------
loss: 0.024129  [    0/120000]
loss: 0.013008  [25600/120000]
loss: 0.014175  [51200/120000]
loss: 0.022018  [76800/120000]
loss: 0.020047  [102400/120000]
Test Error: 
 Accuracy: 91.9%, Avg loss: 0.017441 

Epoch 49
-------------------------------
loss: 0.018134  [    0/120000]
loss: 0.019003  [25600/120000]
loss: 0.024034  [51200/120000]
loss: 0.019178  [76800/120000]
loss: 0.009966  [102400/120000]
Test Error: 
 Accuracy: 91.9%, Avg loss: 0.017244 

Epoch 50
-------------------------------
loss: 0.018873  [    0/120000]
loss: 0.012780  [25600/120000]
loss: 0.018822  [51200/120000]
loss: 0.018050  [76800/120000]
loss: 0.019965  [102400/120000]
Test Error: 
 Accuracy: 91.9%, Avg loss: 0.016893 

Epoch 51
-------------------------------
loss: 0.014608  [    0/120000]
loss: 0.012251  [25600/120000]
loss: 0.028401  [51200/120000]
loss: 0.009209  [76800/120000]
loss: 0.012148  [102400/120000]
Test Error: 
 Accuracy: 91.2%, Avg loss: 0.019516 

Epoch 52
-------------------------------
loss: 0.020396  [    0/120000]
loss: 0.014730  [25600/120000]
loss: 0.021369  [51200/120000]
loss: 0.024010  [76800/120000]
loss: 0.018761  [102400/120000]
Test Error: 
 Accuracy: 91.8%, Avg loss: 0.018095 

Epoch 53
-------------------------------
loss: 0.022130  [    0/120000]
loss: 0.016524  [25600/120000]
loss: 0.011551  [51200/120000]
loss: 0.016178  [76800/120000]
loss: 0.021149  [102400/120000]
Test Error: 
 Accuracy: 91.4%, Avg loss: 0.018809 

Epoch 54
-------------------------------
loss: 0.018905  [    0/120000]
loss: 0.015528  [25600/120000]
loss: 0.016354  [51200/120000]
loss: 0.012597  [76800/120000]
loss: 0.016861  [102400/120000]
Test Error: 
 Accuracy: 91.9%, Avg loss: 0.018172 

Epoch 55
-------------------------------
loss: 0.010923  [    0/120000]
loss: 0.022386  [25600/120000]
loss: 0.013535  [51200/120000]
loss: 0.014019  [76800/120000]
loss: 0.023318  [102400/120000]
Test Error: 
 Accuracy: 91.9%, Avg loss: 0.017208 

Epoch 56
-------------------------------
loss: 0.017764  [    0/120000]
loss: 0.022507  [25600/120000]
loss: 0.017509  [51200/120000]
loss: 0.018241  [76800/120000]
loss: 0.018370  [102400/120000]
Test Error: 
 Accuracy: 92.0%, Avg loss: 0.017611 

Epoch 57
-------------------------------
loss: 0.018489  [    0/120000]
loss: 0.017508  [25600/120000]
loss: 0.018059  [51200/120000]
loss: 0.023018  [76800/120000]
loss: 0.013205  [102400/120000]
Test Error: 
 Accuracy: 91.7%, Avg loss: 0.017711 

Epoch 58
-------------------------------
loss: 0.020091  [    0/120000]
loss: 0.021359  [25600/120000]
loss: 0.014205  [51200/120000]
loss: 0.012848  [76800/120000]
loss: 0.021148  [102400/120000]
Test Error: 
 Accuracy: 91.8%, Avg loss: 0.017773 

Epoch 59
-------------------------------
loss: 0.018443  [    0/120000]
loss: 0.011956  [25600/120000]
loss: 0.022809  [51200/120000]
loss: 0.016507  [76800/120000]
loss: 0.012468  [102400/120000]
Test Error: 
 Accuracy: 92.1%, Avg loss: 0.016730 

Epoch 60
-------------------------------
loss: 0.021674  [    0/120000]
loss: 0.014320  [25600/120000]
loss: 0.024010  [51200/120000]
loss: 0.022481  [76800/120000]
loss: 0.021665  [102400/120000]
Test Error: 
 Accuracy: 91.8%, Avg loss: 0.016885 

Epoch 61
-------------------------------
loss: 0.011815  [    0/120000]
loss: 0.022517  [25600/120000]
loss: 0.017932  [51200/120000]
loss: 0.013745  [76800/120000]
loss: 0.015483  [102400/120000]
Test Error: 
 Accuracy: 91.9%, Avg loss: 0.017784 

Epoch 62
-------------------------------
loss: 0.017669  [    0/120000]
loss: 0.017436  [25600/120000]
loss: 0.013674  [51200/120000]
loss: 0.015734  [76800/120000]
loss: 0.017904  [102400/120000]
Test Error: 
 Accuracy: 92.2%, Avg loss: 0.017572 

Epoch 63
-------------------------------
loss: 0.015470  [    0/120000]
loss: 0.015761  [25600/120000]
loss: 0.016294  [51200/120000]
loss: 0.014995  [76800/120000]
loss: 0.020276  [102400/120000]
Test Error: 
 Accuracy: 91.5%, Avg loss: 0.019028 

Epoch 64
-------------------------------
loss: 0.021397  [    0/120000]
loss: 0.011115  [25600/120000]
loss: 0.019257  [51200/120000]
loss: 0.015031  [76800/120000]
loss: 0.015994  [102400/120000]
Test Error: 
 Accuracy: 92.2%, Avg loss: 0.017224 

Epoch 65
-------------------------------
loss: 0.015596  [    0/120000]
loss: 0.024399  [25600/120000]
loss: 0.016933  [51200/120000]
loss: 0.015118  [76800/120000]
loss: 0.018363  [102400/120000]
Test Error: 
 Accuracy: 92.2%, Avg loss: 0.016634 

Epoch 66
-------------------------------
loss: 0.024349  [    0/120000]
loss: 0.016570  [25600/120000]
loss: 0.008332  [51200/120000]
loss: 0.013446  [76800/120000]
loss: 0.014180  [102400/120000]
Test Error: 
 Accuracy: 91.3%, Avg loss: 0.019395 

Epoch 67
-------------------------------
loss: 0.025352  [    0/120000]
loss: 0.017914  [25600/120000]
loss: 0.018051  [51200/120000]
loss: 0.013750  [76800/120000]
loss: 0.015246  [102400/120000]
Test Error: 
 Accuracy: 92.1%, Avg loss: 0.016591 

Epoch 68
-------------------------------
loss: 0.019127  [    0/120000]
loss: 0.018780  [25600/120000]
loss: 0.020888  [51200/120000]
loss: 0.013044  [76800/120000]
loss: 0.016854  [102400/120000]
Test Error: 
 Accuracy: 92.4%, Avg loss: 0.016351 

Epoch 69
-------------------------------
loss: 0.016648  [    0/120000]
loss: 0.017416  [25600/120000]
loss: 0.013851  [51200/120000]
loss: 0.019506  [76800/120000]
loss: 0.020627  [102400/120000]
Test Error: 
 Accuracy: 92.1%, Avg loss: 0.016863 

Epoch 70
-------------------------------
loss: 0.020658  [    0/120000]
loss: 0.013675  [25600/120000]
loss: 0.016853  [51200/120000]
loss: 0.022301  [76800/120000]
loss: 0.014277  [102400/120000]
Test Error: 
 Accuracy: 92.0%, Avg loss: 0.017291 

Epoch 71
-------------------------------
loss: 0.015007  [    0/120000]
loss: 0.024617  [25600/120000]
loss: 0.016238  [51200/120000]
loss: 0.014122  [76800/120000]
loss: 0.017410  [102400/120000]
Test Error: 
 Accuracy: 92.1%, Avg loss: 0.016334 

Epoch 72
-------------------------------
loss: 0.019651  [    0/120000]
loss: 0.016413  [25600/120000]
loss: 0.016246  [51200/120000]
loss: 0.025040  [76800/120000]
loss: 0.014747  [102400/120000]
Test Error: 
 Accuracy: 92.4%, Avg loss: 0.016499 

Epoch 73
-------------------------------
loss: 0.020864  [    0/120000]
loss: 0.022065  [25600/120000]
loss: 0.019110  [51200/120000]
loss: 0.017148  [76800/120000]
loss: 0.018021  [102400/120000]
Test Error: 
 Accuracy: 92.0%, Avg loss: 0.017228 

Epoch 74
-------------------------------
loss: 0.012446  [    0/120000]
loss: 0.015292  [25600/120000]
loss: 0.018740  [51200/120000]
loss: 0.016693  [76800/120000]
loss: 0.019537  [102400/120000]
Test Error: 
 Accuracy: 92.2%, Avg loss: 0.017036 

Epoch 75
-------------------------------
loss: 0.014736  [    0/120000]
loss: 0.015018  [25600/120000]
loss: 0.014864  [51200/120000]
loss: 0.019324  [76800/120000]
loss: 0.017247  [102400/120000]
Test Error: 
 Accuracy: 92.2%, Avg loss: 0.017426 

Epoch 76
-------------------------------
loss: 0.021169  [    0/120000]
loss: 0.022257  [25600/120000]
loss: 0.014538  [51200/120000]
loss: 0.018579  [76800/120000]
loss: 0.009487  [102400/120000]
Test Error: 
 Accuracy: 92.0%, Avg loss: 0.017453 

Epoch 77
-------------------------------
loss: 0.015376  [    0/120000]
loss: 0.015060  [25600/120000]
loss: 0.015109  [51200/120000]
loss: 0.014896  [76800/120000]
loss: 0.015139  [102400/120000]
Test Error: 
 Accuracy: 92.1%, Avg loss: 0.016799 

Epoch 78
-------------------------------
loss: 0.025233  [    0/120000]
loss: 0.018460  [25600/120000]
loss: 0.014658  [51200/120000]
loss: 0.019239  [76800/120000]
loss: 0.013435  [102400/120000]
Test Error: 
 Accuracy: 92.3%, Avg loss: 0.016378 

Epoch 79
-------------------------------
loss: 0.012003  [    0/120000]
loss: 0.010595  [25600/120000]
loss: 0.024579  [51200/120000]
loss: 0.015604  [76800/120000]
loss: 0.013248  [102400/120000]
Test Error: 
 Accuracy: 92.1%, Avg loss: 0.018235 

Epoch 80
-------------------------------
loss: 0.016737  [    0/120000]
loss: 0.015512  [25600/120000]
loss: 0.021471  [51200/120000]
loss: 0.017949  [76800/120000]
loss: 0.018739  [102400/120000]
Test Error: 
 Accuracy: 91.9%, Avg loss: 0.017279 

Epoch 81
-------------------------------
loss: 0.013515  [    0/120000]
loss: 0.012710  [25600/120000]
loss: 0.021581  [51200/120000]
loss: 0.023116  [76800/120000]
loss: 0.013715  [102400/120000]
Test Error: 
 Accuracy: 92.0%, Avg loss: 0.016904 

Epoch 82
-------------------------------
loss: 0.016766  [    0/120000]
loss: 0.013539  [25600/120000]
loss: 0.014109  [51200/120000]
loss: 0.015478  [76800/120000]
loss: 0.016030  [102400/120000]
Test Error: 
 Accuracy: 92.3%, Avg loss: 0.016749 

Epoch 83
-------------------------------
loss: 0.017695  [    0/120000]
loss: 0.020280  [25600/120000]
loss: 0.027732  [51200/120000]
loss: 0.019201  [76800/120000]
loss: 0.016644  [102400/120000]
Test Error: 
 Accuracy: 92.0%, Avg loss: 0.016783 

Epoch 84
-------------------------------
loss: 0.016290  [    0/120000]
loss: 0.017014  [25600/120000]
loss: 0.017652  [51200/120000]
loss: 0.014390  [76800/120000]
loss: 0.010406  [102400/120000]
Test Error: 
 Accuracy: 92.1%, Avg loss: 0.016488 

Epoch 85
-------------------------------
loss: 0.012358  [    0/120000]
loss: 0.016650  [25600/120000]
loss: 0.015618  [51200/120000]
loss: 0.022605  [76800/120000]
loss: 0.011035  [102400/120000]
Test Error: 
 Accuracy: 92.3%, Avg loss: 0.016471 

Epoch 86
-------------------------------
loss: 0.013498  [    0/120000]
loss: 0.024078  [25600/120000]
loss: 0.016778  [51200/120000]
loss: 0.021868  [76800/120000]
loss: 0.016219  [102400/120000]
Test Error: 
 Accuracy: 92.4%, Avg loss: 0.016582 

Epoch 87
-------------------------------
loss: 0.018047  [    0/120000]
loss: 0.018191  [25600/120000]
loss: 0.013134  [51200/120000]
loss: 0.012453  [76800/120000]
loss: 0.018319  [102400/120000]
Test Error: 
 Accuracy: 92.2%, Avg loss: 0.016898 

Epoch 88
-------------------------------
loss: 0.013364  [    0/120000]
loss: 0.019007  [25600/120000]
loss: 0.012101  [51200/120000]
loss: 0.018564  [76800/120000]
loss: 0.012451  [102400/120000]
Test Error: 
 Accuracy: 92.6%, Avg loss: 0.016030 

Epoch 89
-------------------------------
loss: 0.015479  [    0/120000]
loss: 0.015020  [25600/120000]
loss: 0.013371  [51200/120000]
loss: 0.015852  [76800/120000]
loss: 0.012260  [102400/120000]
Test Error: 
 Accuracy: 92.3%, Avg loss: 0.016855 

Epoch 90
-------------------------------
loss: 0.013634  [    0/120000]
loss: 0.017820  [25600/120000]
loss: 0.018848  [51200/120000]
loss: 0.011814  [76800/120000]
loss: 0.011159  [102400/120000]
Test Error: 
 Accuracy: 92.5%, Avg loss: 0.016447 

Epoch 91
-------------------------------
loss: 0.014046  [    0/120000]
loss: 0.026147  [25600/120000]
loss: 0.016934  [51200/120000]
loss: 0.014803  [76800/120000]
loss: 0.020114  [102400/120000]
Test Error: 
 Accuracy: 92.0%, Avg loss: 0.018517 

Epoch 92
-------------------------------
loss: 0.015782  [    0/120000]
loss: 0.022013  [25600/120000]
loss: 0.016334  [51200/120000]
loss: 0.019147  [76800/120000]
loss: 0.013073  [102400/120000]
Test Error: 
 Accuracy: 91.9%, Avg loss: 0.016903 

Epoch 93
-------------------------------
loss: 0.018552  [    0/120000]
loss: 0.023274  [25600/120000]
loss: 0.017785  [51200/120000]
loss: 0.012829  [76800/120000]
loss: 0.024196  [102400/120000]
Test Error: 
 Accuracy: 92.5%, Avg loss: 0.016647 

Epoch 94
-------------------------------
loss: 0.013875  [    0/120000]
loss: 0.017176  [25600/120000]
loss: 0.015398  [51200/120000]
loss: 0.019749  [76800/120000]
loss: 0.015211  [102400/120000]
Test Error: 
 Accuracy: 92.1%, Avg loss: 0.016998 

Epoch 95
-------------------------------
loss: 0.020974  [    0/120000]
loss: 0.013382  [25600/120000]
loss: 0.014482  [51200/120000]
loss: 0.017327  [76800/120000]
loss: 0.017563  [102400/120000]
Test Error: 
 Accuracy: 92.5%, Avg loss: 0.016351 

Epoch 96
-------------------------------
loss: 0.017147  [    0/120000]
loss: 0.019722  [25600/120000]
loss: 0.019578  [51200/120000]
loss: 0.018269  [76800/120000]
loss: 0.016067  [102400/120000]
Test Error: 
 Accuracy: 92.2%, Avg loss: 0.016879 

Epoch 97
-------------------------------
loss: 0.019118  [    0/120000]
loss: 0.017988  [25600/120000]
loss: 0.019689  [51200/120000]
loss: 0.018508  [76800/120000]
loss: 0.019989  [102400/120000]
Test Error: 
 Accuracy: 91.9%, Avg loss: 0.017989 

Epoch 98
-------------------------------
loss: 0.013728  [    0/120000]
loss: 0.013022  [25600/120000]
loss: 0.017379  [51200/120000]
loss: 0.017945  [76800/120000]
loss: 0.012600  [102400/120000]
Test Error: 
 Accuracy: 92.6%, Avg loss: 0.016966 

Epoch 99
-------------------------------
loss: 0.014564  [    0/120000]
loss: 0.022216  [25600/120000]
loss: 0.015225  [51200/120000]
loss: 0.013322  [76800/120000]
loss: 0.011782  [102400/120000]
Test Error: 
 Accuracy: 92.4%, Avg loss: 0.016670 

Epoch 100
-------------------------------
loss: 0.016766  [    0/120000]
loss: 0.011464  [25600/120000]
loss: 0.018231  [51200/120000]
loss: 0.013109  [76800/120000]
loss: 0.019379  [102400/120000]
Test Error: 
 Accuracy: 92.2%, Avg loss: 0.016191 

Done!
